100.000000 -40.000000
-100.000000 40.000000
0.000000 -100.000000
0.000000 100.000000
---
98.995015 -39.973200
-98.995015 39.973200
0.475194 -99.000602
-0.475194 99.000602
---
97.985258 -39.918967
-97.985258 39.918967
0.924887 -98.001990
-0.924887 98.001990
---
96.970937 -39.836647
-96.970937 39.836647
1.348366 -97.004353
-1.348366 97.004353
---
95.952261 -39.725564
-95.952261 39.725564
1.744897 -96.007882
-1.744897 96.007882
---
94.929428 -39.585019
-94.929428 39.585019
2.113727 -95.012770
-2.113727 95.012770
---
93.902630 -39.414288
-93.902630 39.414288
2.454085 -94.019214
-2.454085 94.019214
---
92.872050 -39.212625
-92.872050 39.212625
2.765180 -93.027412
-2.765180 93.027412
---
91.837855 -38.979259
-91.837855 38.979259
3.046207 -92.037562
-3.046207 92.037562
---
90.800198 -38.713393
-90.800198 38.713393
3.296342 -91.049864
-3.296342 91.049864
---
89.759209 -38.414205
-89.759209 38.414205
3.514748 -90.064516
-3.514748 90.064516
---
88.714995 -38.080847
-88.714995 38.080847
3.700574 -89.081714
-3.700574 89.081714
---
87.667636 -37.712443
-87.667636 37.712443
3.852958 -88.101651
-3.852958 88.101651
---
86.617176 -37.308092
-86.617176 37.308092
3.971027 -87.124516
-3.971027 87.124516
---
85.563621 -36.866865
-85.563621 36.866865
4.053902 -86.150491
-4.053902 86.150491
---
84.506932 -36.387805
-84.506932 36.387805
4.100697 -85.179750
-4.100697 85.179750
---
83.447016 -35.869926
-83.447016 35.869926
4.110524 -84.212456
-4.110524 84.212456
---
82.383722 -35.312216
-82.383722 35.312216
4.082496 -83.248760
-4.082496 83.248760
---
81.316834 -34.713633
-81.316834 34.713633
4.015728 -82.288796
-4.015728 82.288796
---
80.246055 -34.073106
-80.246055 34.073106
3.909340 -81.332681
-3.909340 81.332681
---
79.171007 -33.389536
-79.171007 33.389536
3.762464 -80.380509
-3.762464 80.380509
---
78.091214 -32.661796
-78.091214 32.661796
3.574239 -79.432346
-3.574239 79.432346
---
77.006094 -31.888728
-77.006094 31.888728
3.343825 -78.488232
-3.343825 78.488232
---
75.914947 -31.069146
-75.914947 31.069146
3.070397 -77.548168
-3.070397 77.548168
---
74.816939 -30.201834
-74.816939 30.201834
2.753151 -76.612116
-2.753151 76.612116
---
73.711094 -29.285545
-73.711094 29.285545
2.391307 -75.679991
-2.391307 75.679991
---
72.596274 -28.319004
-72.596274 28.319004
1.984110 -74.751658
-1.984110 74.751658
---
71.471164 -27.300901
-71.471164 27.300901
1.530832 -73.826917
-1.530832 73.826917
---
70.334257 -26.229898
-70.334257 26.229898
1.030774 -72.905504
-1.030774 72.905504
---
69.183830 -25.104621
-69.183830 25.104621
0.483262 -71.987075
-0.483262 71.987075
---
68.017930 -23.923662
-68.017930 23.923662
-0.112351 -71.071198
0.112351 71.071198
---
66.834344 -22.685574
-66.834344 22.685574
-0.756687 -70.157342
0.756687 70.157342
---
65.630578 -21.388874
-65.630578 21.388874
-1.450350 -69.244860
1.450350 69.244860
---
64.403825 -20.032031
-64.403825 20.032031
-2.193929 -68.332976
2.193929 68.332976
---
63.150938 -18.613470
-63.150938 18.613470
-2.988004 -67.420765
2.988004 67.420765
---
61.868388 -17.131562
-61.868388 17.131562
-3.833163 -66.507128
3.833163 66.507128
---
60.552224 -15.584619
-60.552224 15.584619
-4.730005 -65.590767
4.730005 65.590767
---
59.198028 -13.970884
-59.198028 13.970884
-5.679163 -64.670148
5.679163 64.670148
---
57.800855 -12.288523
-57.800855 12.288523
-6.681324 -63.743458
6.681324 63.743458
---
56.355171 -10.535609
-56.355171 10.535609
-7.737247 -62.808552
7.737247 62.808552
---
54.854780 -8.710103
-54.854780 8.710103
-8.847801 -61.862875
8.847801 61.862875
---
53.292737 -6.809825
-53.292737 6.809825
-10.013997 -60.903374
10.013997 60.903374
---
51.661249 -4.832420
-51.661249 4.832420
-11.237039 -59.926362
11.237039 59.926362
---
49.951570 -2.775291
-49.951570 2.775291
-12.518378 -58.927346
12.518378 58.927346
---
48.153879 -0.635506
-48.153879 0.635506
-13.859784 -57.900770
13.859784 57.900770
---
46.257165 1.590365
-46.257165 -1.590365
-15.263430 -56.839661
15.263430 56.839661
---
44.249126 3.906522
-44.249126 -3.906522
-16.731995 -55.735082
16.731995 55.735082
---
42.116127 6.318433
-42.116127 -6.318433
-18.268770 -54.575312
18.268770 54.575312
---
39.843295 8.833727
-39.843295 -8.833727
-19.877743 -53.344526
19.877743 53.344526
---
37.414941 11.463908
-37.414941 -11.463908
-21.563574 -52.020602
21.563574 52.020602
---
34.815697 14.227677
-34.815697 -14.227677
-23.331176 -50.571304
23.331176 50.571304
---
32.033423 17.157640
-32.033423 -17.157640
-25.184057 -48.947236
25.184057 48.947236
---
29.066884 20.314156
-29.066884 -20.314156
-27.118602 -47.068182
27.118602 47.068182
---
25.948371 23.813925
-25.948371 -23.813925
-29.104157 -44.795909
29.104157 44.795909
---
22.819590 27.880240
-22.819590 -27.880240
-31.010093 -41.887573
31.010093 41.887573
---
20.179771 32.826623
-20.179771 -32.826623
-32.359003 -38.018811
32.359003 38.018811
---
19.057896 38.346049
-19.057896 -38.346049
-32.150051 -33.502225
32.150051 33.502225
---
19.347633 43.252777
-19.347633 -43.252777
-30.511581 -29.542854
30.511581 29.542854
---
20.224213 47.355629
-20.224213 -47.355629
-28.278941 -26.349820
28.278941 26.349820
---
21.300871 50.859187
-21.300871 -50.859187
-25.843020 -23.731017
25.843020 23.731017
---
22.435006 53.935972
-22.435006 -53.935972
-23.347246 -21.522131
23.347246 21.522131
---
23.571821 56.699607
-23.571821 -56.699607
-20.845192 -19.614562
20.845192 19.614562
---
24.689175 59.225017
-24.689175 -59.225017
-18.356178 -17.935713
18.356178 17.935713
---
25.778157 61.563604
-25.778157 -61.563604
-15.884802 -16.433838
15.884802 16.433838
---
26.835612 63.752159
-26.835612 -63.752159
-13.428339 -15.068678
13.428339 15.068678
---
27.861004 65.818041
-27.861004 -65.818041
-10.979707 -13.805238
10.979707 13.805238
---
28.855013 67.782292
-28.855013 -67.782292
-8.528790 -12.608690
8.528790 12.608690
---
29.818880 69.661581
-29.818880 -69.661581
-6.063515 -11.438808
6.063515 11.438808
---
30.754100 71.469483
-30.754100 -71.469483
-3.572478 -10.242273
3.572478 10.242273
---
31.662295 73.217354
-31.662295 -73.217354
-1.053386 -8.941437
1.053386 8.941437
---
32.545198 74.914969
-32.545198 -74.914969
1.462150 -7.423382
-1.462150 7.423382
---
33.404706 76.570979
-33.404706 -76.570979
3.855975 -5.559979
-3.855975 5.559979
---
34.242978 78.193184
-34.242978 -78.193184
5.903598 -3.326219
-5.903598 3.326219
---
35.062444 79.788512
-35.062444 -79.788512
7.443991 -0.899872
-7.443991 0.899872
---
35.865629 81.362855
-35.865629 -81.362855
8.511860 1.507928
-8.511860 -1.507928
---
36.654953 82.921064
-36.654953 -82.921064
9.220631 3.787607
-9.220631 -3.787607
---
37.432639 84.467087
-37.432639 -84.467087
9.668088 5.903724
-9.668088 -5.903724
---
38.200691 86.004134
-38.200691 -86.004134
9.921529 7.851955
-9.921529 -7.851955
---
38.960904 87.534805
-38.960904 -87.534805
10.025434 9.638439
-10.025434 -9.638439
---
39.714877 89.061190
-39.714877 -89.061190
10.009626 11.271991
-10.009626 -11.271991
---
40.464024 90.584950
-40.464024 -90.584950
9.894711 12.761426
-9.894711 -12.761426
---
41.209594 92.107375
-41.209594 -92.107375
9.695418 14.114748
-9.695418 -14.114748
---
41.952678 93.629439
-41.952678 -93.629439
9.422624 15.338985
-9.422624 -15.338985
---
42.694222 95.151844
-42.694222 -95.151844
9.084621 16.440250
-9.084621 -16.440250
---
43.435038 96.675059
-43.435038 -96.675059
8.687921 17.423847
-8.687921 -17.423847
---
44.175809 98.199352
-44.175809 -98.199352
8.237782 18.294391
-8.237782 -18.294391
---
44.917106 99.724825
-44.917106 -99.724825
7.738571 19.055899
-7.738571 -19.055899
---
45.659392 101.251435
-45.659392 -101.251435
7.194005 19.711870
-7.194005 -19.711870
---
46.403035 102.779023
-46.403035 -102.779023
6.607333 20.265348
-6.607333 -20.265348
---
47.148313 104.307335
-47.148313 -104.307335
5.981464 20.718965
-5.981464 -20.718965
---
47.895428 105.836038
-47.895428 -105.836038
5.319058 21.074972
-5.319058 -21.074972
---
48.644510 107.364738
-48.644510 -107.364738
4.622611 21.335267
-4.622611 -21.335267
---
49.395629 108.892996
-49.395629 -108.892996
3.894509 21.501408
-3.894509 -21.501408
---
50.148798 110.420339
-50.148798 -110.420339
3.137084 21.574623
-3.137084 -21.574623
---
50.903986 111.946267
-50.903986 -111.946267
2.352661 21.555814
-2.352661 -21.555814
---
51.661119 113.470268
-51.661119 -113.470268
1.543604 21.445556
-1.543604 -21.445556
---
52.420089 114.991821
-52.420089 -114.991821
0.712365 21.244097
-0.712365 -21.244097
---
53.180758 116.510402
-53.180758 -116.510402
-0.138467 20.951349
0.138467 -20.951349
---
53.942965 118.025490
-53.942965 -118.025490
-1.006104 20.566881
1.006104 -20.566881
---
54.706524 119.536570
-54.706524 -119.536570
-1.887495 20.089912
1.887495 -20.089912
---
55.471235 121.043135
-55.471235 -121.043135
-2.779239 19.519308
2.779239 -19.519308
---
