100.000000 -40.000000
-100.000000 40.000000
---
98.981991 -39.992796
-98.981991 39.992796
---
97.945677 -39.978197
-97.945677 39.978197
---
96.890749 -39.956000
-96.890749 39.956000
---
95.816885 -39.925994
-95.816885 39.925994
---
94.723746 -39.887956
-94.723746 39.887956
---
93.610976 -39.841652
-93.610976 39.841652
---
92.478205 -39.786834
-92.478205 39.786834
---
91.325040 -39.723244
-91.325040 39.723244
---
90.151073 -39.650604
-90.151073 39.650604
---
88.955872 -39.568626
-88.955872 39.568626
---
87.738982 -39.477000
-87.738982 39.477000
---
86.499926 -39.375401
-86.499926 39.375401
---
85.238198 -39.263481
-85.238198 39.263481
---
83.953267 -39.140873
-83.953267 39.140873
---
82.644568 -39.007184
-82.644568 39.007184
---
81.311506 -38.861997
-81.311506 38.861997
---
79.953449 -38.704862
-79.953449 38.704862
---
78.569727 -38.535304
-78.569727 38.535304
---
77.159625 -38.352808
-77.159625 38.352808
---
75.722387 -38.156823
-75.722387 38.156823
---
74.257202 -37.946755
-74.257202 37.946755
---
72.763205 -37.721965
-72.763205 37.721965
---
71.239472 -37.481758
-71.239472 37.481758
---
69.685011 -37.225384
-69.685011 37.225384
---
68.098754 -36.952025
-68.098754 36.952025
---
66.479552 -36.660789
-66.479552 36.660789
---
64.826166 -36.350702
-64.826166 36.350702
---
63.137251 -36.020693
-63.137251 36.020693
---
61.411349 -35.669582
-61.411349 35.669582
---
59.646872 -35.296065
-59.646872 35.296065
---
57.842083 -34.898694
-57.842083 34.898694
---
55.995080 -34.475854
-55.995080 34.475854
---
54.103768 -34.025732
-54.103768 34.025732
---
52.165829 -33.546287
-52.165829 33.546287
---
50.178693 -33.035204
-50.178693 33.035204
---
48.139487 -32.489842
-48.139487 32.489842
---
46.044990 -31.907162
-46.044990 31.907162
---
43.891561 -31.283646
-43.891561 31.283646
---
41.675065 -30.615178
-41.675065 30.615178
---
39.390758 -29.896896
-39.390758 29.896896
---
37.033163 -29.122989
-37.033163 29.122989
---
34.595885 -28.286420
-34.595885 28.286420
---
32.071383 -27.378534
-32.071383 27.378534
---
29.450643 -26.388492
-29.450643 26.388492
---
26.722739 -25.302428
-26.722739 25.302428
---
23.874197 -24.102138
-23.874197 24.102138
---
20.888073 -22.762953
-20.888073 22.762953
---
17.742567 -21.250080
-17.742567 21.250080
---
14.408893 -19.511839
-14.408893 19.511839
---
10.848031 -17.465953
-10.848031 17.465953
---
7.006352 -14.967934
-7.006352 14.967934
---
2.815432 -11.723818
-2.815432 11.723818
---
-1.736894 -6.974763
1.736894 6.974763
---
-5.236841 2.000281
5.236841 -2.000281
---
-2.048329 8.420580
2.048329 -8.420580
---
1.848302 11.929834
-1.848302 -11.929834
---
5.508559 13.913415
-5.508559 -13.913415
---
8.798936 14.962762
-8.798936 -14.962762
---
11.710783 15.368408
-11.710783 -15.368408
---
14.257347 15.294685
-14.257347 -15.294685
---
16.452996 14.844514
-16.452996 -14.844514
---
18.308452 14.087409
-18.308452 -14.087409
---
19.829757 13.073191
-19.829757 -13.073191
---
21.018069 11.839441
-21.018069 -11.839441
---
21.869508 10.415930
-21.869508 -10.415930
---
22.374750 8.827534
-22.374750 -8.827534
---
22.518229 7.096412
-22.518229 -7.096412
---
22.276733 5.243968
-22.276733 -5.243968
---
21.617075 3.293088
-21.617075 -3.293088
---
20.492213 1.271341
-20.492213 -1.271341
---
18.834627 -0.783457
-18.834627 0.783457
---
16.544422 -2.811940
-16.544422 2.811940
---
13.466577 -4.706554
-13.466577 4.706554
---
9.344993 -6.236381
-9.344993 6.236381
---
3.740678 -6.776709
-3.740678 6.776709
---
-3.678374 -4.029412
3.678374 4.029412
---
-6.001246 4.300408
6.001246 -4.300408
---
-4.968845 10.225885
4.968845 -10.225885
---
-3.175677 14.585706
3.175677 -14.585706
---
-1.167694 17.958893
1.167694 -17.958893
---
0.885363 20.638853
-0.885363 -20.638853
---
2.915823 22.792052
-2.915823 -22.792052
---
4.892205 24.522544
-4.892205 -24.522544
---
6.798188 25.900155
-6.798188 -25.900155
---
8.624507 26.974255
-8.624507 -26.974255
---
10.365385 27.781130
-10.365385 -27.781130
---
12.016807 28.348245
-12.016807 -28.348245
---
13.575601 28.696846
-13.575601 -28.696846
---
15.038923 28.843634
-15.038923 -28.843634
---
16.403936 28.801871
-16.403936 -28.801871
---
17.667593 28.582148
-17.667593 -28.582148
---
18.826472 28.192918
-18.826472 -28.192918
---
19.876629 27.640876
-19.876629 -27.640876
---
20.813456 26.931235
-20.813456 -26.931235
---
21.631519 26.067921
-21.631519 -26.067921
---
22.324365 25.053708
-22.324365 -25.053708
---
22.884282 23.890316
-22.884282 -23.890316
---
23.301989 22.578462
-23.301989 -22.578462
---
23.566207 21.117884
-23.566207 -21.117884
---
23.663083 19.507350
-23.663083 -19.507350
---
