100.000000 -40.000000
-100.000000 40.000000
500.000000 -500.000000
---
95.000000 -45.000000
-95.000000 41.000000
497.500000 -495.000000
---
90.116534 -50.066479
-90.121559 42.034365
494.978201 -489.977070
---
85.354754 -55.206292
-85.371163 43.113559
492.433972 -484.930922
---
80.719204 -60.426964
-80.754207 44.249160
489.866660 -479.861266
---
76.213564 -65.736575
-76.274577 45.453667
487.275591 -474.767813
---
71.840401 -71.143563
-71.934225 46.740173
484.660067 -469.650270
---
67.600947 -76.656455
-67.732793 48.121919
482.019365 -464.508348
---
63.494940 -82.283530
-63.667347 49.611733
479.352734 -459.341755
---
59.520563 -88.032440
-59.732268 51.221408
476.659399 -454.150202
---
55.674499 -93.909837
-55.919338 52.961070
473.938552 -448.933403
---
51.952113 -99.921040
-52.218041 54.838644
471.189356 -443.691073
---
48.347736 -106.069803
-48.616026 56.859456
468.410939 -438.422935
---
44.855023 -112.358189
-45.099700 59.026045
465.602399 -433.128719
---
41.467329 -118.786587
-41.654857 61.338185
462.762793 -427.808162
---
38.178072 -125.353828
-38.267264 63.793096
459.891143 -422.461015
---
34.981033 -132.057392
-34.923172 66.385796
456.986435 -417.087043
---
31.870588 -138.893663
-31.609686 69.109531
454.047612 -411.686028
---
28.841850 -145.858190
-28.315014 71.956234
451.073579 -406.257775
---
25.890753 -152.945943
-25.028588 74.916949
448.063200 -400.802113
---
23.014060 -160.151526
-21.741100 77.982212
445.015300 -395.318901
---
20.209343 -167.469356
-18.444452 81.142361
441.928664 -389.808030
---
17.474925 -174.893801
-15.131673 84.387773
438.802039 -384.269431
---
14.809809 -182.419269
-11.796805 87.709042
435.634137 -378.703078
---
12.213600 -190.040274
-8.434782 91.097094
432.423635 -373.108991
---
9.686424 -197.751469
-5.041307 94.543263
429.169180 -367.487245
---
7.228851 -205.547656
-1.612739 98.039330
425.869396 -361.837971
---
4.841824 -213.423791
1.854010 101.577533
422.522885 -356.161364
---
2.526592 -221.374961
5.361567 105.150560
419.128234 -350.457688
---
0.284642 -229.396372
8.912178 108.751535
415.684026 -344.727274
---
-1.882350 -237.483325
12.507771 112.373987
412.188844 -338.970534
---
-3.972580 -245.631184
16.150019 116.011819
408.641284 -333.187954
---
-5.984163 -253.835361
19.840382 119.659274
405.039967 -327.380102
---
-7.915178 -262.091287
23.580149 123.310903
401.383544 -321.547628
---
-9.763718 -270.394394
27.370472 126.961525
397.670718 -315.691260
---
-11.527933 -278.740103
31.212388 130.606198
393.900250 -309.811808
---
-13.206066 -287.123805
35.106847 134.240183
390.070979 -303.910153
---
-14.796499 -295.540862
39.054728 137.858920
386.181831 -297.987245
---
-16.297789 -303.986601
43.056850 141.457988
382.231840 -292.044096
---
-17.708701 -312.456323
47.113988 145.033088
378.220154 -286.081765
---
-19.028239 -320.945306
51.226880 148.580013
374.146056 -280.101351
---
-20.255680 -329.448827
55.396233 152.094619
370.008970 -274.103972
---
-21.390592 -337.962174
59.622732 155.572811
365.808476 -268.090756
---
-22.432855 -346.480675
63.907038 159.010512
361.544316 -262.062816
---
-23.382677 -354.999720
68.249794 162.403644
357.216400 -256.021233
---
-24.240597 -363.514796
72.651622 165.748110
352.824812 -249.967035
---
-25.007489 -372.021508
77.113129 169.039770
348.369806 -243.901177
---
-25.684560 -380.515618
81.634895 172.274421
343.851811 -237.824517
---
-26.273332 -388.993070
86.217480 175.447781
339.271422 -231.737799
---
-26.775636 -397.450021
90.861411 178.555465
334.629395 -225.641629
---
-27.193579 -405.882861
95.567183 181.592968
329.926635 -219.536460
---
-27.529527 -414.288239
100.335246 184.555646
325.164190 -213.422574
---
-27.786074 -422.663081
105.166001 187.438691
320.343237 -207.300067
---
-27.966005 -431.004599
110.059787 190.237118
315.465067 -201.168836
---
-28.072271 -439.310301
115.016868 192.945738
310.531075 -195.028571
---
-28.107948 -447.577997
120.037423 195.559140
305.542747 -188.878743
---
-28.076207 -455.805795
125.121522 198.071669
300.501647 -182.718603
---
-27.980282 -463.992096
130.269116 200.477403
295.409406 -176.547173
---
-27.823436 -472.135587
135.480007 202.770132
290.267716 -170.363246
---
-27.608936 -480.235229
140.753825 204.943333
285.078320 -164.165385
---
-27.340027 -488.290242
146.090003 206.990147
279.843013 -157.951923
---
-27.019908 -496.300089
151.487737 208.903357
274.563633 -151.720963
---
-26.651711 -504.264456
156.945952 210.675361
269.242070 -145.470380
---
-26.238488 -512.183237
162.463258 212.298155
263.880267 -139.197828
---
-25.783194 -520.056513
168.037899 213.763304
258.480228 -132.900734
---
-25.288679 -527.884533
173.667696 215.061926
253.044031 -126.576311
---
-24.757678 -535.667695
179.349987 216.184673
247.573843 -120.221554
---
-24.192803 -543.406529
185.081550 217.121716
242.071937 -113.833250
---
-23.596545 -551.101680
190.858522 217.862737
236.540716 -107.407981
---
-22.971268 -558.753890
196.676311 218.396922
230.982741 -100.942132
---
-22.319208 -566.363985
202.529488 218.712973
225.400758 -94.431899
---
-21.642478 -573.932863
208.411681 218.799122
219.797735 -87.873305
---
-20.943065 -581.461476
214.315442 218.643161
214.176900 -81.262210
---
-20.222838 -588.950823
220.232121 218.232499
208.541783 -74.594338
---
-19.483547 -596.401938
226.151712 217.554229
202.896260 -67.865300
---
-18.726832 -603.815884
232.062711 216.595235
197.244603 -61.070628
---
-17.954223 -611.193740
237.951950 215.342321
191.591527 -54.205826
---
-17.167149 -618.536598
243.804447 213.782392
185.942240 -47.266418
---
-16.366938 -625.845555
249.603259 211.902669
180.302491 -40.248023
---
-15.554827 -633.121708
255.329350 209.690960
174.678608 -33.146434
---
-14.731964 -640.366151
260.961493 207.135985
169.077534 -25.957720
---
-13.899414 -647.579967
266.476215 204.227755
163.506842 -18.678343
---
-13.058164 -654.764230
271.847811 200.958007
157.974739 -11.305287
---
-12.209126 -661.919998
277.048430 197.320676
152.490034 -3.836204
---
-11.353143 -669.048312
282.048274 193.312414
147.062089 3.730432
---
-10.490993 -676.150196
286.815916 188.933102
141.700722 11.395167
---
-9.623394 -683.226651
291.318750 184.186347
136.416072 19.157422
---
-8.751005 -690.278658
295.523581 179.079919
131.218428 27.015353
---
-7.874432 -697.307173
299.397349 173.626085
126.118011 34.965761
---
-6.994234 -704.313131
302.907957 167.841786
121.124730 43.004029
---
-6.110918 -711.297438
306.025170 161.748640
116.247908 51.124127
---
-5.224953 -718.260979
308.721533 155.372715
111.496017 59.318675
---
-4.336764 -725.204610
310.973227 148.744088
106.876414 67.579079
---
-3.446739 -732.129162
312.760822 141.896190
102.395123 75.895724
---
-2.555231 -739.035439
314.069838 134.864970
98.056664 84.258228
---
-1.662562 -745.924219
314.891092 127.687957
93.863954 92.655722
---
-0.769023 -752.796252
315.220798 120.403254
89.818272 101.077150
---
0.125124 -759.652264
315.060418 113.048572
85.919312 109.511560
---
1.019642 -766.492952
314.416310 105.660340
82.165286 117.948374
---
1.914317 -773.318988
313.299190 98.272956
78.553084 126.377607
---
2.808958 -780.131019
311.723489 90.918209
75.078474 134.790047
---
3.703392 -786.929665
309.706643 83.624875
71.736311 143.177370
---
4.597468 -793.715524
307.268374 76.418489
68.520754 151.532215
---
5.491050 -800.489168
304.430009 69.321268
65.425472 159.848203
---
6.384017 -807.251145
301.213854 62.352166
62.443835 168.119923
---
7.276265 -814.001984
297.642654 55.527018
59.569071 176.342887
---
8.167700 -820.742188
293.739141 48.858764
56.794407 184.513465
---
9.058244 -827.472241
289.525674 42.357703
54.113176 192.628809
---
9.947827 -834.192605
285.023956 36.031775
51.518899 200.686770
---
10.836392 -840.903724
280.254832 29.886846
49.005354 208.685808
---
11.723890 -847.606023
275.238148 23.926981
46.566611 216.624917
---
12.610281 -854.299906
269.992666 18.154706
44.197060 224.503541
---
13.495534 -860.985763
264.536017 12.571245
41.891428 232.321508
---
14.379625 -867.663963
258.884693 7.176730
39.644780 240.078963
---
15.262537 -874.334863
253.054057 1.970395
37.452514 247.776313
---
16.144260 -880.998801
247.058379 -3.049259
35.310356 255.414178
---
17.024789 -887.656100
240.910879 -7.884326
33.214342 262.993348
---
17.904125 -894.307070
234.623780 -12.537369
31.160804 270.514746
---
18.782273 -900.952006
228.208364 -17.011316
29.146354 277.979398
---
19.659244 -907.591189
221.675039 -21.309375
27.167866 285.388407
---
20.535054 -914.224887
215.033389 -25.434959
25.222456 292.742931
---
21.409719 -920.853356
208.292243 -29.391627
23.307468 300.044166
---
22.283262 -927.476839
201.459725 -33.183033
21.420452 307.293329
---
23.155708 -934.095567
194.543314 -36.812884
19.559152 314.491649
---
24.027084 -940.709762
187.549892 -40.284908
17.721490 321.640353
---
24.897421 -947.319631
180.485794 -43.602827
15.905551 328.740664
---
25.766751 -953.925374
173.356852 -46.770335
14.109569 335.793788
---
26.635107 -960.527180
166.168437 -49.791079
12.331915 342.800914
---
27.502527 -967.125228
158.925498 -52.668649
10.571087 349.763209
---
28.369047 -973.719686
151.632597 -55.406567
8.825697 356.681813
---
29.234706 -980.310716
144.293939 -58.008276
7.094465 363.557841
---
30.099544 -986.898468
136.913407 -60.477140
5.376206 370.392376
---
30.963599 -993.483088
129.494585 -62.816433
3.669825 377.186474
---
31.826914 -1000.064709
122.040784 -65.029344
1.974308 383.941158
---
32.689529 -1006.643461
114.555064 -67.118971
0.288716 390.657422
---
33.551485 -1013.219463
107.040259 -69.088321
-1.387820 397.336228
---
34.412824 -1019.792829
99.498987 -70.940313
-3.056108 403.978508
---
35.273587 -1026.363666
91.933679 -72.677775
-4.716898 410.585165
---
36.133816 -1032.932073
84.346585 -74.303448
-6.370883 417.157071
---
36.993549 -1039.498147
76.739792 -75.819988
-8.018712 423.695070
---
37.852829 -1046.061974
69.115239 -77.229965
-9.660986 430.199977
---
38.711694 -1052.623639
61.474726 -78.535869
-11.298265 436.672580
---
39.570184 -1059.183218
53.819926 -79.740109
-12.931070 443.113642
---
40.428336 -1065.740784
46.152395 -80.845018
-14.559886 449.523897
---
41.286188 -1072.296405
38.473583 -81.852854
-16.185169 455.904059
---
42.143776 -1078.850145
30.784839 -82.765801
-17.807340 462.254813
---
43.001136 -1085.402063
23.087420 -83.585974
-19.426794 468.576824
---
43.858303 -1091.952215
15.382501 -84.315422
-21.043902 474.870734
---
44.715310 -1098.500650
7.671175 -84.956127
-22.659008 481.137163
---
45.572190 -1105.047418
-0.045535 -85.510009
-24.272434 487.376712
---
46.428974 -1111.592563
-7.766673 -85.978926
-25.884485 493.589959
---
47.285692 -1118.136126
-15.491345 -86.364681
-27.495442 499.777467
---
48.142374 -1124.678145
-23.218716 -86.669017
-29.105572 505.939777
---
48.999048 -1131.218655
-30.948002 -86.893626
-30.715123 512.077415
---
49.855740 -1137.757691
-38.678471 -87.040146
-32.324329 518.190889
---
50.712477 -1144.295281
-46.409434 -87.110166
-33.933408 524.280690
---
51.569283 -1150.831454
-54.140248 -87.105226
-35.542567 530.347295
---
52.426183 -1157.366236
-61.870306 -87.026821
-37.151999 536.391164
---
53.283197 -1163.899651
-69.599041 -86.876399
-38.761886 542.412745
---
54.140349 -1170.431722
-77.325919 -86.655367
-40.372399 548.412471
---
54.997659 -1176.962467
-85.050437 -86.365090
-41.983698 554.390761
---
55.855145 -1183.491906
-92.772125 -86.006893
-43.595935 560.348021
---
56.712826 -1190.020057
-100.490538 -85.582062
-45.209252 566.284647
---
57.570719 -1196.546934
-108.205258 -85.091846
-46.823782 572.201021
---
58.428842 -1203.072553
-115.915891 -84.537460
-48.439654 578.097515
---
59.287208 -1209.596927
-123.622066 -83.920083
-50.056984 583.974488
---
60.145833 -1216.120067
-131.323434 -83.240861
-51.675886 589.832292
---
61.004731 -1222.641986
-139.019665 -82.500908
-53.296466 595.671266
---
61.863913 -1229.162693
-146.710447 -81.701308
-54.918823 601.491739
---
62.723392 -1235.682198
-154.395486 -80.843115
-56.543050 607.294034
---
63.583179 -1242.200509
-162.074506 -79.927353
-58.169238 613.078461
---
64.443284 -1248.717635
-169.747244 -78.955020
-59.797469 618.845324
---
65.303717 -1255.233582
-177.413453 -77.927087
-61.427822 624.594917
---
66.164486 -1261.748357
-185.072899 -76.844498
-63.060373 630.327528
---
67.025600 -1268.261966
-192.725361 -75.708174
-64.695192 636.043435
---
67.887066 -1274.774415
-200.370629 -74.519010
-66.332344 641.742910
---
68.748891 -1281.285709
-208.008505 -73.277879
-67.971894 647.426218
---
69.611081 -1287.795852
-215.638803 -71.985631
-69.613899 653.093615
---
70.473641 -1294.304849
-223.261345 -70.643094
-71.258417 658.745353
---
71.336577 -1300.812703
-230.875963 -69.251077
-72.905500 664.381675
---
72.199893 -1307.319419
-238.482499 -67.810366
-74.555197 670.002819
---
73.063594 -1313.825000
-246.080802 -66.321728
-76.207556 675.609019
---
73.927681 -1320.329450
-253.670729 -64.785913
-77.862622 681.200499
---
74.792160 -1326.832770
-261.252146 -63.203649
-79.520436 686.777480
---
75.657032 -1333.334964
-268.824925 -61.575651
-81.181039 692.340177
---
76.522299 -1339.836035
-276.388944 -59.902612
-82.844466 697.888801
---
77.387963 -1346.335984
-283.944089 -58.185211
-84.510755 703.423555
---
78.254026 -1352.834816
-291.490252 -56.424110
-86.179937 708.944641
---
79.120489 -1359.332530
-299.027329 -54.619956
-87.852046 714.452252
---
79.987352 -1365.829131
-306.555223 -52.773381
-89.527109 719.946580
---
80.854616 -1372.324620
-314.073842 -50.885001
-91.205155 725.427810
---
81.722280 -1378.818999
-321.583097 -48.955418
-92.886211 730.896125
---
82.590345 -1385.312270
-329.082906 -46.985221
-94.570301 736.351701
---
83.458811 -1391.804435
-336.573190 -44.974986
-96.257448 741.794713
---
84.327676 -1398.295496
-344.053876 -42.925274
-97.947675 747.225330
---
85.196939 -1404.785455
-351.524892 -40.836636
-99.641002 752.643718
---
86.066600 -1411.274314
-358.986172 -38.709608
-101.337448 758.050039
---
86.936656 -1417.762075
-366.437653 -36.544716
-103.037032 763.444452
---
87.807107 -1424.248740
-373.879275 -34.342475
-104.739771 768.827113
---
88.677951 -1430.734311
-381.310982 -32.103386
-106.445681 774.198171
---
89.549185 -1437.218790
-388.732721 -29.827943
-108.154776 779.557778
---
90.420807 -1443.702178
-396.144442 -27.516626
-109.867071 784.906077
---
91.292816 -1450.184479
-403.546096 -25.169906
-111.582580 790.243211
---
92.165209 -1456.665694
-410.937639 -22.788245
-113.301313 795.569320
---
93.037984 -1463.145825
-418.319029 -20.372093
-115.023283 800.884540
---
93.911137 -1469.624874
-425.690225 -17.921894
-116.748501 806.189005
---
94.784666 -1476.102844
-433.051191 -15.438080
-118.476976 811.482846
---
95.658568 -1482.579736
-440.401891 -12.921075
-120.208717 816.766191
---
96.532841 -1489.055554
-447.742292 -10.371294
-121.943733 822.039165
---
97.407481 -1495.530299
-455.072362 -7.789145
-123.682032 827.301893
---
98.282485 -1502.003974
-462.392072 -5.175026
-125.423621 832.554495
---
99.157849 -1508.476581
-469.701395 -2.529328
-127.168506 837.797089
---
100.033572 -1514.948122
-477.000306 0.147567
-128.916694 843.029791
---
100.909649 -1521.418601
-484.288779 2.855282
-130.668191 848.252716
---
101.786077 -1527.888020
-491.566794 5.593450
-132.423000 853.465975
---
102.662853 -1534.356381
-498.834328 8.361709
-134.181128 858.669678
---
103.539973 -1540.823688
-506.091363 11.159705
-135.942577 863.863932
---
104.417433 -1547.289942
-513.337881 13.987092
-137.707352 869.048843
---
105.295231 -1553.755147
-520.573865 16.843528
-139.475456 874.224515
---
106.173362 -1560.219305
-527.799300 19.728680
-141.246891 879.391048
---
107.051824 -1566.682419
-535.014171 22.642219
-143.021661 884.548544
---
107.930612 -1573.144492
-542.218466 25.583824
-144.799766 889.697099
---
108.809723 -1579.605528
-549.412173 28.553178
-146.581210 894.836810
---
109.689153 -1586.065528
-556.595281 31.549973
-148.365992 899.967772
---
110.568899 -1592.524497
-563.767781 34.573903
-150.154115 905.090077
---
111.448957 -1598.982437
-570.929664 37.624670
-151.945580 910.203817
---
112.329324 -1605.439351
-578.080922 40.701980
-153.740385 915.309081
---
113.209995 -1611.895242
-585.221548 43.805545
-155.538533 920.405958
---
114.090968 -1618.350114
-592.351537 46.935082
-157.340023 925.494532
---
114.972237 -1624.803970
-599.470883 50.090313
-159.144854 930.574891
---
115.853801 -1631.256813
-606.579582 53.270965
-160.953026 935.647117
---
116.735655 -1637.708646
-613.677630 56.476769
-162.764539 940.711292
---
117.617796 -1644.159473
-620.765025 59.707462
-164.579391 945.767498
---
118.500220 -1650.609297
-627.841764 62.962784
-166.397581 950.815813
---
119.382923 -1657.058121
-634.907846 66.242482
-168.219108 955.856316
---
120.265903 -1663.505949
-641.963271 69.546303
-170.043970 960.889083
---
121.149154 -1669.952784
-649.008037 72.874003
-171.872166 965.914191
---
122.032675 -1676.398630
-656.042146 76.225338
-173.703694 970.931713
---
122.916461 -1682.843490
-663.065598 79.600072
-175.538551 975.941723
---
123.800508 -1689.287368
-670.078395 82.997970
-177.376736 980.944293
---
124.684815 -1695.730267
-677.080539 86.418801
-179.218246 985.939493
---
125.569376 -1702.172190
-684.072032 89.862340
-181.063078 990.927393
---
126.454189 -1708.613142
-691.052878 93.328363
-182.911231 995.908062
---
127.339249 -1715.053126
-698.023079 96.816652
-184.762701 1000.881567
---
128.224555 -1721.492146
-704.982640 100.326991
-186.617486 1005.847975
---
129.110102 -1727.930204
-711.931565 103.859168
-188.475582 1010.807352
---
129.995888 -1734.367305
-718.869859 107.412973
-190.336986 1015.759761
---
130.881908 -1740.803453
-725.797526 110.988202
-192.201696 1020.705266
---
131.768160 -1747.238651
-732.714573 114.584652
-194.069708 1025.643930
---
132.654640 -1753.672903
-739.621005 118.202124
-195.941018 1030.575814
---
133.541345 -1760.106212
-746.516828 121.840421
-197.815624 1035.500980
---
134.428272 -1766.538582
-753.402048 125.499352
-199.693522 1040.419486
---
135.315418 -1772.970017
-760.276673 129.178725
-201.574707 1045.331391
---
136.202780 -1779.400521
-767.140710 132.878354
-203.459177 1050.236754
---
137.090355 -1785.830097
-773.994165 136.598055
-205.346928 1055.135632
---
137.978139 -1792.258749
-780.837046 140.337645
-207.237956 1060.028081
---
138.866130 -1798.686481
-787.669362 144.096946
-209.132257 1064.914157
---
139.754324 -1805.113297
-794.491119 147.875782
-211.029826 1069.793914
---
140.642719 -1811.539200
-801.302328 151.673978
-212.930661 1074.667406
---
141.531312 -1817.964193
-808.102995 155.491365
-214.834758 1079.534687
---
142.420100 -1824.388282
-814.893131 159.327774
-216.742111 1084.395809
---
143.309080 -1830.811469
-821.672743 163.183038
-218.652717 1089.250823
---
144.198248 -1837.233759
-828.441841 167.056994
-220.566572 1094.099781
---
145.087603 -1843.655154
-835.200434 170.949480
-222.483671 1098.942733
---
145.977142 -1850.075659
-841.948532 174.860338
-224.404011 1103.779728
---
146.866862 -1856.495278
-848.686145 178.789410
-226.327587 1108.610816
---
147.756759 -1862.914014
-855.413282 182.736543
-228.254395 1113.436044
---
148.646832 -1869.331872
-862.129953 186.701583
-230.184430 1118.255461
---
149.537078 -1875.748854
-868.836168 190.684381
-232.117689 1123.069113
---
150.427494 -1882.164964
-875.531937 194.684788
-234.054166 1127.877046
---
151.318078 -1888.580207
-882.217272 198.702658
-235.993857 1132.679306
---
152.208826 -1894.994586
-888.892182 202.737848
-237.936759 1137.475939
---
153.099737 -1901.408105
-895.556678 206.790214
-239.882865 1142.266988
---
153.990809 -1907.820767
-902.210770 210.859617
-241.832173 1147.052499
---
154.882037 -1914.232576
-908.854470 214.945918
-243.784678 1151.832513
---
155.773421 -1920.643537
-915.487788 219.048981
-245.740374 1156.607074
---
156.664958 -1927.053652
-922.110735 223.168672
-247.699258 1161.376224
---
157.556644 -1933.462925
-928.723322 227.304857
-249.661326 1166.140005
---
158.448479 -1939.871360
-935.325561 231.457405
-251.626571 1170.898459
---
159.340460 -1946.278961
-941.917462 235.626187
-253.594991 1175.651624
---
160.232584 -1952.685731
-948.499037 239.811076
-255.566581 1180.399543
---
161.124848 -1959.091675
-955.070298 244.011944
-257.541335 1185.142254
---
162.017252 -1965.496795
-961.631254 248.228669
-259.519250 1189.879797
---
162.909793 -1971.901095
-968.181919 252.461127
-261.500321 1194.612210
---
163.802468 -1978.304579
-974.722303 256.709196
-263.484543 1199.339531
---
164.695275 -1984.707251
-981.252418 260.972758
-265.471912 1204.061798
---
165.588212 -1991.109114
-987.772275 265.251694
-267.462424 1208.779049
---
166.481278 -1997.510172
-994.281887 269.545887
-269.456073 1213.491320
---
167.374470 -2003.910428
-1000.781264 273.855222
-271.452856 1218.198648
---
168.267785 -2010.309887
-1007.270419 278.179586
-273.452767 1222.901068
---
169.161223 -2016.708550
-1013.749362 282.518866
-275.455803 1227.598615
---
170.054780 -2023.106423
-1020.218106 286.872950
-277.461958 1232.291326
---
170.948456 -2029.503509
-1026.676663 291.241731
-279.471229 1236.979235
---
171.842247 -2035.899810
-1033.125043 295.625098
-281.483611 1241.662376
---
172.736153 -2042.295331
-1039.563260 300.022946
-283.499098 1246.340782
---
173.630171 -2048.690076
-1045.991324 304.435168
-285.517688 1251.014488
---
174.524299 -2055.084047
-1052.409248 308.861661
-287.539375 1255.683525
---
175.418536 -2061.477248
-1058.817043 313.302320
-289.564155 1260.347928
---
176.312879 -2067.869683
-1065.214720 317.757045
-291.592024 1265.007728
---
177.207328 -2074.261355
-1071.602292 322.225734
-293.622976 1269.662957
---
178.101879 -2080.652268
-1077.979771 326.708288
-295.657008 1274.313647
---
178.996532 -2087.042424
-1084.347168 331.204609
-297.694115 1278.959829
---
179.891284 -2093.431828
-1090.704495 335.714599
-299.734294 1283.601534
---
180.786135 -2099.820482
-1097.051763 340.238163
-301.777538 1288.238792
---
181.681081 -2106.208391
-1103.388985 344.775205
-303.823845 1292.871634
---
182.576123 -2112.595557
-1109.716172 349.325631
-305.873210 1297.500089
---
183.471257 -2118.981984
-1116.033335 353.889349
-307.925628 1302.124187
---
184.366482 -2125.367675
-1122.340487 358.466267
-309.981095 1306.743957
---
185.261797 -2131.752634
-1128.637639 363.056295
-312.039607 1311.359428
---
186.157201 -2138.136863
-1134.924803 367.659342
-314.101159 1315.970629
---
187.052691 -2144.520367
-1141.201990 372.275320
-316.165748 1320.577587
---
187.948265 -2150.903148
-1147.469212 376.904142
-318.233369 1325.180331
---
188.843924 -2157.285209
-1153.726480 381.545720
-320.304018 1329.778889
---
189.739664 -2163.666555
-1159.973806 386.199969
-322.377691 1334.373287
---
190.635485 -2170.047187
-1166.211201 390.866804
-324.454382 1338.963552
---
191.531385 -2176.427110
-1172.438677 395.546141
-326.534090 1343.549713
---
192.427363 -2182.806327
-1178.656246 400.237898
-328.616808 1348.131794
---
193.323417 -2189.184840
-1184.863918 404.941992
-330.702533 1352.709822
---
194.219546 -2195.562653
-1191.061705 409.658341
-332.791261 1357.283824
---
195.115748 -2201.939769
-1197.249618 414.386867
-334.882989 1361.853824
---
196.012022 -2208.316191
-1203.427669 419.127489
-336.977710 1366.419849
---
196.908367 -2214.691923
-1209.595869 423.880129
-339.075423 1370.981923
---
197.804781 -2221.066967
-1215.754228 428.644709
-341.176122 1375.540071
---
198.701264 -2227.441327
-1221.902759 433.421152
-343.279804 1380.094318
---
199.597813 -2233.815005
-1228.041473 438.209382
-345.386465 1384.644688
---
200.494427 -2240.188005
-1234.170379 443.009324
-347.496100 1389.191205
---
201.391106 -2246.560330
-1240.289490 447.820903
-349.608706 1393.733894
---
202.287848 -2252.931982
-1246.398816 452.644045
-351.724279 1398.272777
---
203.184651 -2259.302965
-1252.498369 457.478678
-353.842815 1402.807879
---
204.081515 -2265.673282
-1258.588158 462.324729
-355.964310 1407.339223
---
204.978439 -2272.042936
-1264.668196 467.182126
-358.088761 1411.866830
---
205.875420 -2278.411930
-1270.738492 472.050799
-360.216162 1416.390725
---
206.772459 -2284.780266
-1276.799058 476.930678
-362.346512 1420.910930
---
207.669553 -2291.147948
-1282.849905 481.821694
-364.479805 1425.427466
---
208.566702 -2297.514978
-1288.891042 486.723777
-366.616039 1429.940356
---
209.463905 -2303.881360
-1294.922480 491.636859
-368.755208 1434.449622
---
210.361160 -2310.247097
-1300.944231 496.560874
-370.897311 1438.955286
---
211.258466 -2316.612190
-1306.956304 501.495755
-373.042342 1443.457368
---
212.155823 -2322.976644
-1312.958710 506.441436
-375.190298 1447.955891
---
213.053229 -2329.340460
-1318.951459 511.397851
-377.341177 1452.450875
---
213.950683 -2335.703643
-1324.934562 516.364936
-379.494973 1456.942341
---
214.848184 -2342.066194
-1330.908028 521.342627
-381.651683 1461.430309
---
215.745731 -2348.428116
-1336.871869 526.330859
-383.811305 1465.914800
---
216.643324 -2354.789413
-1342.826094 531.329572
-385.973834 1470.395835
---
217.540960 -2361.150087
-1348.770713 536.338701
-388.139266 1474.873433
---
218.438640 -2367.510140
-1354.705737 541.358186
-390.307599 1479.347614
---
219.336361 -2373.869576
-1360.631175 546.387965
-392.478828 1483.818399
---
220.234124 -2380.228397
-1366.547038 551.427979
-394.652951 1488.285805
---
221.131927 -2386.586607
-1372.453335 556.478166
-396.829963 1492.749854
---
222.029770 -2392.944206
-1378.350075 561.538468
-399.009862 1497.210563
---
222.927651 -2399.301199
-1384.237270 566.608826
-401.192644 1501.667952
---
223.825569 -2405.657588
-1390.114928 571.689182
-403.378306 1506.122040
---
224.723524 -2412.013376
-1395.983059 576.779478
-405.566844 1510.572845
---
225.621514 -2418.368565
-1401.841673 581.879656
-407.758255 1515.020386
---
226.519539 -2424.723158
-1407.690778 586.989661
-409.952536 1519.464681
---
227.417599 -2431.077157
-1413.530386 592.109436
-412.149684 1523.905748
---
228.315691 -2437.430566
-1419.360505 597.238925
-414.349694 1528.343606
---
229.213816 -2443.783386
-1425.181144 602.378073
-416.552565 1532.778271
---
230.111972 -2450.135621
-1430.992313 607.526827
-418.758292 1537.209762
---
231.010158 -2456.487272
-1436.794021 612.685130
-420.966873 1541.638097
---
231.908375 -2462.838343
-1442.586276 617.852931
-423.178304 1546.063292
---
232.806620 -2469.188836
-1448.369089 623.030176
-425.392583 1550.485365
---
233.704893 -2475.538753
-1454.142469 628.216811
-427.609706 1554.904333
---
234.603194 -2481.888097
-1459.906423 633.412785
-429.829670 1559.320213
---
235.501522 -2488.236870
-1465.660961 638.618047
-432.052472 1563.733021
---
236.399875 -2494.585075
-1471.406093 643.832544
-434.278110 1568.142775
---
237.298254 -2500.932715
-1477.141826 649.056226
-436.506579 1572.549490
---
238.196657 -2507.279791
-1482.868170 654.289042
-438.737877 1576.953183
---
239.095083 -2513.626307
-1488.585132 659.530943
-440.972002 1581.353870
---
239.993533 -2519.972264
-1494.292723 664.781879
-443.208950 1585.751568
---
240.892005 -2526.317665
-1499.990950 670.041800
-445.448717 1590.146292
---
241.790498 -2532.662513
-1505.679821 675.310659
-447.691303 1594.538059
---
242.689012 -2539.006809
-1511.359346 680.588406
-449.936702 1598.926883
---
243.587547 -2545.350556
-1517.029532 685.874994
-452.184914 1603.312780
---
244.486100 -2551.693757
-1522.690388 691.170376
-454.435934 1607.695766
---
245.384673 -2558.036414
-1528.341922 696.474504
-456.689760 1612.075856
---
246.283264 -2564.378529
-1533.984142 701.787331
-458.946389 1616.453065
---
247.181872 -2570.720105
-1539.617057 707.108811
-461.205819 1620.827409
---
248.080497 -2577.061143
-1545.240673 712.438899
-463.468046 1625.198902
---
248.979138 -2583.401646
-1550.855000 717.777548
-465.733069 1629.567558
---
249.877795 -2589.741617
-1556.460046 723.124714
-468.000884 1633.933394
---
250.776467 -2596.081057
-1562.055817 728.480352
-470.271488 1638.296423
---
251.675153 -2602.419969
-1567.642322 733.844417
-472.544880 1642.656659
---
252.573853 -2608.758355
-1573.219569 739.216865
-474.821056 1647.014118
---
253.472566 -2615.096217
-1578.787565 744.597653
-477.100014 1651.368812
---
254.371292 -2621.433557
-1584.346318 749.986737
-479.381751 1655.720758
---
255.270030 -2627.770379
-1589.895835 755.384074
-481.666264 1660.069967
---
256.168779 -2634.106683
-1595.436124 760.789621
-483.953552 1664.416455
---
257.067539 -2640.442472
-1600.967192 766.203337
-486.243612 1668.760235
---
257.966309 -2646.777749
-1606.489046 771.625178
-488.536441 1673.101321
---
258.865089 -2653.112515
-1612.001695 777.055104
-490.832036 1677.439726
---
259.763878 -2659.446772
-1617.505144 782.493072
-493.130396 1681.775464
---
260.662676 -2665.780523
-1622.999402 787.939043
-495.431518 1686.108549
---
261.561483 -2672.113769
-1628.484475 793.392975
-497.735399 1690.438992
---
262.460296 -2678.446514
-1633.960370 798.854827
-500.042037 1694.766809
---
263.359117 -2684.778758
-1639.427095 804.324561
-502.351430 1699.092011
---
264.257945 -2691.110504
-1644.884656 809.802135
-504.663576 1703.414612
---
265.156778 -2697.441755
-1650.333059 815.287511
-506.978471 1707.734624
---
266.055617 -2703.772511
-1655.772313 820.780649
-509.296115 1712.052061
---
266.954461 -2710.102775
-1661.202423 826.281510
-511.616504 1716.366935
---
267.853310 -2716.432550
-1666.623396 831.790057
-513.939636 1720.679258
---
268.752163 -2722.761837
-1672.035239 837.306249
-516.265510 1724.989044
---
269.651020 -2729.090638
-1677.437958 842.830050
-518.594123 1729.296304
---
270.549880 -2735.418955
-1682.831559 848.361422
-520.925472 1733.601051
---
271.448742 -2741.746790
-1688.216050 853.900328
-523.259556 1737.903297
---
272.347607 -2748.074146
-1693.591436 859.446729
-525.596373 1742.203054
---
273.246474 -2754.401023
-1698.957724 865.000590
-527.935920 1746.500335
---
274.145342 -2760.727425
-1704.314920 870.561873
-530.278195 1750.795151
---
275.044211 -2767.053352
-1709.663030 876.130542
-532.623197 1755.087514
---
275.943081 -2773.378808
-1715.002059 881.706562
-534.970923 1759.377435
---
276.841950 -2779.703793
-1720.332015 887.289895
-537.321371 1763.664928
---
277.740820 -2786.028310
-1725.652903 892.880508
-539.674539 1767.950003
---
278.639688 -2792.352361
-1730.964729 898.478363
-542.030425 1772.232671
---
279.538556 -2798.675947
-1736.267499 904.083427
-544.389028 1776.512945
---
280.437422 -2804.999071
-1741.561218 909.695665
-546.750345 1780.790836
---
281.336286 -2811.321733
-1746.845893 915.315041
-549.114375 1785.066354
---
282.235147 -2817.643937
-1752.121528 920.941522
-551.481115 1789.339512
---
283.134006 -2823.965684
-1757.388130 926.575073
-553.850564 1793.610320
---
284.032862 -2830.286976
-1762.645704 932.215661
-556.222720 1797.878790
---
284.931714 -2836.607815
-1767.894256 937.863251
-558.597580 1802.144932
---
285.830562 -2842.928201
-1773.133790 943.517811
-560.975144 1806.408757
---
286.729406 -2849.248138
-1778.364313 949.179308
-563.355409 1810.670277
---
287.628246 -2855.567628
-1783.585829 954.847708
-565.738374 1814.929501
---
288.527080 -2861.886671
-1788.798343 960.522978
-568.124037 1819.186442
---
289.425909 -2868.205269
-1794.001862 966.205087
-570.512396 1823.441108
---
290.324733 -2874.523425
-1799.196389 971.894002
-572.903450 1827.693512
---
291.223550 -2880.841140
-1804.381930 977.589690
-575.297196 1831.943663
---
292.122361 -2887.158416
-1809.558491 983.292121
-577.693633 1836.191572
---
293.021165 -2893.475255
-1814.726075 989.001262
-580.092760 1840.437249
---
293.919962 -2899.791657
-1819.884687 994.717082
-582.494575 1844.680704
---
294.818752 -2906.107626
-1825.034333 1000.439549
-584.899076 1848.921948
---
295.717534 -2912.423163
-1830.175017 1006.168634
-587.306262 1853.160991
---
296.616308 -2918.738269
-1835.306744 1011.904304
-589.716131 1857.397843
---
297.515073 -2925.052947
-1840.429519 1017.646530
-592.128681 1861.632514
---
298.413830 -2931.367197
-1845.543345 1023.395281
-594.543912 1865.865014
---
299.312578 -2937.681021
-1850.648228 1029.150527
-596.961821 1870.095353
---
300.211317 -2943.994422
-1855.744172 1034.912237
-599.382407 1874.323540
---
301.110046 -2950.307401
-1860.831180 1040.680382
-601.805669 1878.549586
---
302.008765 -2956.619959
-1865.909259 1046.454932
-604.231605 1882.773500
---
302.907474 -2962.932098
-1870.978410 1052.235859
-606.660214 1886.995291
---
303.806172 -2969.243820
-1876.038640 1058.023132
-609.091494 1891.214970
---
304.704860 -2975.555126
-1881.089952 1063.816722
-611.525444 1895.432546
---
305.603536 -2981.866018
-1886.132350 1069.616601
-613.962063 1899.648029
---
306.502202 -2988.176498
-1891.165838 1075.422740
-616.401349 1903.861427
---
307.400855 -2994.486567
-1896.190419 1081.235111
-618.843302 1908.072750
---
308.299497 -3000.796226
-1901.206099 1087.053684
-621.287919 1912.282008
---
309.198126 -3007.105478
-1906.212880 1092.878433
-623.735199 1916.489209
---
310.096743 -3013.414324
-1911.210767 1098.709328
-626.185142 1920.694364
---
310.995348 -3019.722765
-1916.199763 1104.546342
-628.637745 1924.897480
---
311.893939 -3026.030803
-1921.179871 1110.389448
-631.093008 1929.098567
---
312.792517 -3032.338439
-1926.151096 1116.238617
-633.550930 1933.297635
---
313.691082 -3038.645676
-1931.113441 1122.093823
-636.011509 1937.494691
---
314.589633 -3044.952514
-1936.066908 1127.955038
-638.474744 1941.689746
---
315.488170 -3051.258955
-1941.011503 1133.822236
-640.940634 1945.882807
---
316.386693 -3057.565001
-1945.947227 1139.695389
-643.409178 1950.073884
---
317.285201 -3063.870653
-1950.874085 1145.574471
-645.880375 1954.262985
---
318.183695 -3070.175913
-1955.792079 1151.459455
-648.354224 1958.450120
---
319.082173 -3076.480781
-1960.701213 1157.350315
-650.830723 1962.635296
---
319.980637 -3082.785260
-1965.601489 1163.247025
-653.309872 1966.818523
---
320.879085 -3089.089351
-1970.492911 1169.149558
-655.791669 1970.999808
---
321.777518 -3095.393056
-1975.375482 1175.057889
-658.276114 1975.179161
---
322.675934 -3101.696375
-1980.249205 1180.971991
-660.763206 1979.356590
---
323.574335 -3107.999311
-1985.114082 1186.891840
-663.252943 1983.532104
---
324.472719 -3114.301865
-1989.970116 1192.817410
-665.745325 1987.705709
---
325.371087 -3120.604038
-1994.817311 1198.748675
-668.240350 1991.877416
---
326.269438 -3126.905831
-1999.655668 1204.685610
-670.738019 1996.047233
---
327.167772 -3133.207247
-2004.485190 1210.628190
-673.238329 2000.215166
---
328.066089 -3139.508286
-2009.305881 1216.576391
-675.741280 2004.381225
---
328.964389 -3145.808949
-2014.117742 1222.530187
-678.246872 2008.545419
---
329.862671 -3152.109239
-2018.920776 1228.489554
-680.755103 2012.707754
---
330.760936 -3158.409157
-2023.714985 1234.454467
-683.265973 2016.868239
---
331.659182 -3164.708704
-2028.500371 1240.424901
-685.779480 2021.026882
---
332.557411 -3171.007881
-2033.276938 1246.400834
-688.295624 2025.183690
---
333.455621 -3177.306690
-2038.044686 1252.382240
-690.814405 2029.338673
---
334.353812 -3183.605132
-2042.803619 1258.369096
-693.335821 2033.491837
---
335.251985 -3189.903209
-2047.553738 1264.361377
-695.859871 2037.643191
---
336.150139 -3196.200921
-2052.295045 1270.359060
-698.386556 2041.792742
---
337.048274 -3202.498270
-2057.027543 1276.362121
-700.915874 2045.940499
---
337.946390 -3208.795258
-2061.751233 1282.370538
-703.447825 2050.086468
---
338.844486 -3215.091886
-2066.466118 1288.384285
-705.982408 2054.230657
---
339.742563 -3221.388154
-2071.172198 1294.403341
-708.519622 2058.373075
---
340.640620 -3227.684066
-2075.869476 1300.427683
-711.059467 2062.513728
---
341.538657 -3233.979620
-2080.557953 1306.457286
-713.601942 2066.652624
---
342.436673 -3240.274820
-2085.237631 1312.492128
-716.147047 2070.789772
---
343.334670 -3246.569666
-2089.908512 1318.532187
-718.694781 2074.925177
---
344.232646 -3252.864160
-2094.570597 1324.577440
-721.245144 2079.058848
---
345.130602 -3259.158303
-2099.223888 1330.627864
-723.798135 2083.190792
---
346.028536 -3265.452095
-2103.868385 1336.683437
-726.353753 2087.321017
---
346.926450 -3271.745539
-2108.504091 1342.744136
-728.911998 2091.449529
---
347.824343 -3278.038636
-2113.131006 1348.809939
-731.472870 2095.576336
---
348.722215 -3284.331387
-2117.749133 1354.880825
-734.036367 2099.701446
---
349.620065 -3290.623792
-2122.358471 1360.956771
-736.602491 2103.824865
---
350.517893 -3296.915854
-2126.959022 1367.037755
-739.171240 2107.946601
---
351.415700 -3303.207574
-2131.550788 1373.123756
-741.742614 2112.066660
---
352.313485 -3309.498952
-2136.133768 1379.214752
-744.316612 2116.185051
---
353.211248 -3315.789991
-2140.707965 1385.310721
-746.893235 2120.301779
---
354.108989 -3322.080690
-2145.273379 1391.411642
-749.472481 2124.416853
---
355.006708 -3328.371052
-2149.830010 1397.517493
-752.054351 2128.530278
---
355.904405 -3334.661078
-2154.377860 1403.628253
-754.638844 2132.642063
---
356.802078 -3340.950768
-2158.916930 1409.743902
-757.225960 2136.752214
---
357.699730 -3347.240125
-2163.447219 1415.864417
-759.815699 2140.860737
---
358.597358 -3353.529149
-2167.968729 1421.989779
-762.408060 2144.967641
---
359.494963 -3359.817841
-2172.481459 1428.119965
-765.003044 2149.072931
---
360.392546 -3366.106202
-2176.985412 1434.254956
-767.600649 2153.176614
---
361.290105 -3372.394235
-2181.480586 1440.394730
-770.200877 2157.278698
---
362.187641 -3378.681939
-2185.966983 1446.539268
-772.803726 2161.379189
---
363.085153 -3384.969316
-2190.444602 1452.688548
-775.409196 2165.478094
---
363.982642 -3391.256367
-2194.913444 1458.842550
-778.017288 2169.575419
---
364.880107 -3397.543094
-2199.373509 1465.001253
-780.628001 2173.671171
---
365.777549 -3403.829497
-2203.824797 1471.164639
-783.241335 2177.765357
---
366.674966 -3410.115577
-2208.267309 1477.332685
-785.857290 2181.857983
---
367.572360 -3416.401336
-2212.701044 1483.505373
-788.475867 2185.949056
---
368.469729 -3422.686775
-2217.126002 1489.682683
-791.097064 2190.038583
---
369.367074 -3428.971895
-2221.542183 1495.864593
-793.720882 2194.126570
---
370.264395 -3435.256697
-2225.949587 1502.051086
-796.347321 2198.213023
---
371.161691 -3441.541182
-2230.348214 1508.242140
-798.976381 2202.297949
---
372.058962 -3447.825351
-2234.738064 1514.437737
-801.608062 2206.381355
---
372.956209 -3454.109206
-2239.119136 1520.637856
-804.242364 2210.463246
---
373.853431 -3460.392747
-2243.491429 1526.842478
-806.879287 2214.543630
---
374.750628 -3466.675975
-2247.854944 1533.051585
-809.518831 2218.622512
---
375.647800 -3472.958892
-2252.209680 1539.265155
-812.160996 2222.699899
---
376.544947 -3479.241498
-2256.555636 1545.483171
-814.805783 2226.775798
---
377.442069 -3485.523796
-2260.892811 1551.705613
-817.453191 2230.850214
---
378.339166 -3491.805784
-2265.221206 1557.932462
-820.103221 2234.923153
---
379.236237 -3498.087466
-2269.540819 1564.163699
-822.755873 2238.994623
---
380.133282 -3504.368841
-2273.851650 1570.399305
-825.411146 2243.064629
---
381.030302 -3510.649912
-2278.153697 1576.639261
-828.069042 2247.133177
---
381.927296 -3516.930678
-2282.446960 1582.883549
-830.729560 2251.200274
---
382.824265 -3523.211141
-2286.731437 1589.132149
-833.392701 2255.265926
---
383.721207 -3529.491302
-2291.007129 1595.385043
-836.058465 2259.330138
---
384.618124 -3535.771162
-2295.274033 1601.642212
-838.726852 2263.392917
---
385.515014 -3542.050722
-2299.532148 1607.903638
-841.397862 2267.454269
---
386.411878 -3548.329983
-2303.781474 1614.169302
-844.071497 2271.514201
---
387.308716 -3554.608946
-2308.022009 1620.439187
-846.747755 2275.572717
---
388.205528 -3560.887612
-2312.253752 1626.713273
-849.426638 2279.629824
---
389.102313 -3567.165982
-2316.476702 1632.991543
-852.108146 2283.685528
---
389.999072 -3573.444057
-2320.690856 1639.273977
-854.792279 2287.739835
---
390.895804 -3579.721838
-2324.896214 1645.560559
-857.479038 2291.792751
---
391.792510 -3585.999326
-2329.092774 1651.851270
-860.168423 2295.844282
---
392.689189 -3592.276522
-2333.280534 1658.146092
-862.860434 2299.894433
---
393.585841 -3598.553427
-2337.459493 1664.445008
-865.555073 2303.943211
---
394.482466 -3604.830041
-2341.629649 1670.747998
-868.252338 2307.990621
---
395.379064 -3611.106367
-2345.791000 1677.055046
-870.952232 2312.036670
---
396.275636 -3617.382405
-2349.943544 1683.366133
-873.654754 2316.081362
---
397.172180 -3623.658155
-2354.087281 1689.681243
-876.359906 2320.124705
---
398.068697 -3629.933619
-2358.222206 1696.000357
-879.067686 2324.166702
---
398.965186 -3636.208798
-2362.348319 1702.323458
-881.778097 2328.207361
---
399.861648 -3642.483692
-2366.465618 1708.650528
-884.491139 2332.246688
---
400.758083 -3648.758303
-2370.574100 1714.981549
-887.206812 2336.284687
---
401.654491 -3655.032631
-2374.673764 1721.316506
-889.925116 2340.321364
---
402.550871 -3661.306678
-2378.764606 1727.655379
-892.646054 2344.356725
---
403.447223 -3667.580444
-2382.846625 1733.998152
-895.369624 2348.390776
---
404.343548 -3673.853930
-2386.919818 1740.344807
-898.095829 2352.423523
---
405.239845 -3680.127138
-2390.984183 1746.695328
-900.824668 2356.454971
---
406.136114 -3686.400068
-2395.039717 1753.049697
-903.556142 2360.485125
---
407.032355 -3692.672720
-2399.086418 1759.407896
-906.290252 2364.513991
---
407.928569 -3698.945097
-2403.124284 1765.769910
-909.026999 2368.541575
---
408.824754 -3705.217198
-2407.153311 1772.135721
-911.766384 2372.567883
---
409.720912 -3711.489025
-2411.173497 1778.505312
-914.508407 2376.592919
---
410.617041 -3717.760579
-2415.184839 1784.878666
-917.253069 2380.616689
---
411.513142 -3724.031860
-2419.187334 1791.255767
-920.000371 2384.639200
---
412.409215 -3730.302869
-2423.180980 1797.636597
-922.750314 2388.660456
---
413.305260 -3736.573608
-2427.165773 1804.021140
-925.502898 2392.680462
---
414.201276 -3742.844077
-2431.141711 1810.409378
-928.258125 2396.699225
---
415.097264 -3749.114277
-2435.108789 1816.801297
-931.015995 2400.716749
---
415.993224 -3755.384208
-2439.067006 1823.196878
-933.776510 2404.733041
---
416.889155 -3761.653873
-2443.016358 1829.596105
-936.539670 2408.748105
---
417.785057 -3767.923271
-2446.956842 1835.998962
-939.305476 2412.761947
---
418.680931 -3774.192403
-2450.888455 1842.405432
-942.073929 2416.774572
---
419.576777 -3780.461271
-2454.811192 1848.815499
-944.845031 2420.785986
---
420.472594 -3786.729874
-2458.725051 1855.229146
-947.618782 2424.796193
---
421.368382 -3792.998215
-2462.630028 1861.646357
-950.395182 2428.805200
---
422.264141 -3799.266293
-2466.526120 1868.067116
-953.174235 2432.813012
---
423.159871 -3805.534111
-2470.413322 1874.491406
-955.955939 2436.819634
---
424.055573 -3811.801667
-2474.291632 1880.919211
-958.740297 2440.825070
---
424.951245 -3818.068964
-2478.161045 1887.350515
-961.527309 2444.829327
---
425.846889 -3824.336002
-2482.021559 1893.785302
-964.316977 2448.832410
---
426.742504 -3830.602782
-2485.873168 1900.223555
-967.109302 2452.834324
---
427.638089 -3836.869304
-2489.715869 1906.665259
-969.904284 2456.835075
---
428.533646 -3843.135571
-2493.549658 1913.110397
-972.701926 2460.834666
---
429.429173 -3849.401581
-2497.374531 1919.558954
-975.502227 2464.833105
---
430.324672 -3855.667337
-2501.190483 1926.010912
-978.305191 2468.830395
---
431.220141 -3861.932839
-2504.997512 1932.466258
-981.110817 2472.826542
---
432.115581 -3868.198087
-2508.795612 1938.924974
-983.919107 2476.821552
---
433.010991 -3874.463083
-2512.584779 1945.387044
-986.730062 2480.815428
---
433.906372 -3880.727828
-2516.365008 1951.852453
-989.543684 2484.808178
---
434.801724 -3886.992321
-2520.136297 1958.321185
-992.359973 2488.799805
---
435.697047 -3893.256565
-2523.898639 1964.793224
-995.178932 2492.790315
---
436.592340 -3899.520559
-2527.652030 1971.268554
-998.000561 2496.779713
---
437.487603 -3905.784305
-2531.396466 1977.747160
-1000.824862 2500.768004
---
438.382837 -3912.047803
-2535.131942 1984.229026
-1003.651836 2504.755194
---
439.278042 -3918.311054
-2538.858453 1990.714135
-1006.481485 2508.741286
---
440.173217 -3924.574059
-2542.575995 1997.202474
-1009.313810 2512.726287
---
441.068362 -3930.836818
-2546.284563 2003.694025
-1012.148812 2516.710202
---
441.963478 -3937.099333
-2549.984151 2010.188773
-1014.986493 2520.693034
---
442.858564 -3943.361603
-2553.674756 2016.686703
-1017.826855 2524.674791
---
443.753620 -3949.623631
-2557.356370 2023.187799
-1020.669899 2528.655476
---
444.648647 -3955.885416
-2561.028991 2029.692045
-1023.515626 2532.635094
---
445.543644 -3962.146959
-2564.692612 2036.199427
-1026.364038 2536.613652
---
446.438611 -3968.408262
-2568.347228 2042.709928
-1029.215137 2540.591153
---
447.333548 -3974.669324
-2571.992834 2049.223533
-1032.068924 2544.567602
---
448.228456 -3980.930147
-2575.629424 2055.740227
-1034.925401 2548.543005
---
449.123333 -3987.190731
-2579.256994 2062.259994
-1037.784568 2552.517367
---
450.018181 -3993.451077
-2582.875537 2068.782819
-1040.646429 2556.490693
---
450.912998 -3999.711186
-2586.485048 2075.308687
-1043.510985 2560.462987
---
451.807786 -4005.971059
-2590.085521 2081.837581
-1046.378237 2564.434255
---
452.702544 -4012.230695
-2593.676951 2088.369488
-1049.248187 2568.404501
---
453.597272 -4018.490097
-2597.259332 2094.904390
-1052.120836 2572.373731
---
454.491970 -4024.749264
-2600.832658 2101.442274
-1054.996187 2576.341950
---
455.386637 -4031.008197
-2604.396923 2107.983124
-1057.874242 2580.309161
---
456.281275 -4037.266897
-2607.952122 2114.526924
-1060.755001 2584.275371
---
457.175883 -4043.525365
-2611.498247 2121.073660
-1063.638467 2588.240585
---
458.070460 -4049.783602
-2615.035294 2127.623315
-1066.524642 2592.204806
---
458.965007 -4056.041608
-2618.563256 2134.175876
-1069.413527 2596.168041
---
459.859525 -4062.299383
-2622.082126 2140.731326
-1072.305124 2600.130294
---
460.754012 -4068.556929
-2625.591899 2147.289651
-1075.199436 2604.091569
---
461.648468 -4074.814246
-2629.092568 2153.850835
-1078.096464 2608.051873
---
462.542895 -4081.071335
-2632.584126 2160.414863
-1080.996210 2612.011209
---
463.437291 -4087.328197
-2636.066567 2166.981720
-1083.898675 2615.969583
---
464.331657 -4093.584832
-2639.539886 2173.551391
-1086.803863 2619.926999
---
465.225993 -4099.841241
-2643.004073 2180.123860
-1089.711775 2623.883462
---
466.120299 -4106.097424
-2646.459125 2186.699114
-1092.622412 2627.838978
---
467.014574 -4112.353383
-2649.905032 2193.277135
-1095.535777 2631.793551
---
467.908819 -4118.609118
-2653.341789 2199.857911
-1098.451873 2635.747186
---
468.803033 -4124.864629
-2656.769389 2206.441424
-1101.370700 2639.699887
---
469.697218 -4131.119918
-2660.187825 2213.027661
-1104.292261 2643.651661
---
470.591372 -4137.374984
-2663.597089 2219.616605
-1107.216559 2647.602511
---
471.485495 -4143.629830
-2666.997174 2226.208243
-1110.143595 2651.552442
---
472.379588 -4149.884454
-2670.388074 2232.802559
-1113.073372 2655.501459
---
473.273651 -4156.138859
-2673.769782 2239.399538
-1116.005891 2659.449568
---
474.167683 -4162.393044
-2677.142288 2245.999164
-1118.941155 2663.396772
---
475.061685 -4168.647010
-2680.505588 2252.601424
-1121.879166 2667.343078
---
475.955656 -4174.900758
-2683.859672 2259.206301
-1124.819926 2671.288488
---
476.849597 -4181.154288
-2687.204533 2265.813782
-1127.763438 2675.233010
---
477.743507 -4187.407602
-2690.540164 2272.423850
-1130.709704 2679.176646
---
478.637387 -4193.660699
-2693.866557 2279.036490
-1133.658726 2683.119403
---
479.531236 -4199.913581
-2697.183704 2285.651689
-1136.610507 2687.061284
---
480.425055 -4206.166248
-2700.491598 2292.269430
-1139.565048 2691.002295
---
481.318843 -4212.418701
-2703.790230 2298.889698
-1142.522353 2694.942441
---
482.212601 -4218.670939
-2707.079593 2305.512480
-1145.482423 2698.881726
---
483.106328 -4224.922965
-2710.359678 2312.137759
-1148.445261 2702.820155
---
484.000025 -4231.174779
-2713.630478 2318.765520
-1151.410869 2706.757733
---
484.893691 -4237.426380
-2716.891983 2325.395749
-1154.379250 2710.694465
---
485.787327 -4243.677770
-2720.144187 2332.028431
-1157.350407 2714.630356
---
486.680931 -4249.928950
-2723.387080 2338.663550
-1160.324342 2718.565410
---
487.574506 -4256.179919
-2726.620654 2345.301091
-1163.301057 2722.499632
---
488.468050 -4262.430680
-2729.844901 2351.941040
-1166.280554 2726.433028
---
489.361563 -4268.681231
-2733.059812 2358.583382
-1169.262838 2730.365601
---
490.255045 -4274.931574
-2736.265378 2365.228100
-1172.247909 2734.297357
---
491.148497 -4281.181710
-2739.461591 2371.875181
-1175.235771 2738.228301
---
492.041918 -4287.431639
-2742.648442 2378.524609
-1178.226427 2742.158437
---
492.935309 -4293.681361
-2745.825922 2385.176369
-1181.219878 2746.087770
---
493.828669 -4299.930877
-2748.994022 2391.830446
-1184.216128 2750.016305
---
494.721999 -4306.180189
-2752.152733 2398.486825
-1187.215179 2753.944047
---
495.615297 -4312.429295
-2755.302046 2405.145492
-1190.217035 2757.871000
---
496.508565 -4318.678198
-2758.441951 2411.806429
-1193.221697 2761.797170
---
497.401803 -4324.926897
-2761.572440 2418.469624
-1196.229169 2765.722561
---
498.295010 -4331.175393
-2764.693503 2425.135060
-1199.239454 2769.647179
---
499.188186 -4337.423687
-2767.805131 2431.802722
-1202.252554 2773.571027
---
500.081331 -4343.671779
-2770.907314 2438.472596
-1205.268471 2777.494111
---
500.974446 -4349.919671
-2774.000042 2445.144666
-1208.287210 2781.416436
---
501.867530 -4356.167361
-2777.083307 2451.818916
-1211.308773 2785.338006
---
502.760583 -4362.414852
-2780.157097 2458.495333
-1214.333163 2789.258826
---
503.653606 -4368.662143
-2783.221404 2465.173900
-1217.360382 2793.178902
---
504.546598 -4374.909235
-2786.276218 2471.854602
-1220.390434 2797.098237
---
505.439560 -4381.156129
-2789.321528 2478.537424
-1223.423321 2801.016837
---
506.332490 -4387.402825
-2792.357325 2485.222351
-1226.459048 2804.934707
---
507.225390 -4393.649324
-2795.383598 2491.909368
-1229.497616 2808.851852
---
508.118260 -4399.895627
-2798.400337 2498.598459
-1232.539029 2812.768276
---
509.011098 -4406.141733
-2801.407531 2505.289609
-1235.583290 2816.683984
---
509.903906 -4412.387644
-2804.405172 2511.982803
-1238.630402 2820.598981
---
510.796684 -4418.633360
-2807.393247 2518.678025
-1241.680368 2824.513272
---
511.689430 -4424.878881
-2810.371746 2525.375261
-1244.733191 2828.426862
---
512.582146 -4431.124209
-2813.340659 2532.074493
-1247.788875 2832.339756
---
513.474831 -4437.369343
-2816.299975 2538.775708
-1250.847423 2836.251959
---
514.367486 -4443.614284
-2819.249684 2545.478890
-1253.908838 2840.163475
---
515.260110 -4449.859033
-2822.189773 2552.184023
-1256.973123 2844.074310
---
516.152703 -4456.103591
-2825.120233 2558.891092
-1260.040282 2847.984468
---
517.045265 -4462.347957
-2828.041052 2565.600082
-1263.110317 2851.893954
---
517.937797 -4468.592132
-2830.952219 2572.310976
-1266.183233 2855.802773
---
518.830298 -4474.836118
-2833.853723 2579.023760
-1269.259032 2859.710931
---
519.722769 -4481.079914
-2836.745553 2585.738417
-1272.337719 2863.618432
---
520.615209 -4487.323520
-2839.627696 2592.454933
-1275.419295 2867.525280
---
521.507618 -4493.566939
-2842.500143 2599.173291
-1278.503766 2871.431482
---
522.399996 -4499.810169
-2845.362880 2605.893476
-1281.591134 2875.337042
---
523.292344 -4506.053211
-2848.215896 2612.615472
-1284.681403 2879.241964
---
524.184661 -4512.296067
-2851.059180 2619.339263
-1287.774577 2883.146255
---
525.076948 -4518.538736
-2853.892720 2626.064835
-1290.870658 2887.049918
---
525.969204 -4524.781220
-2856.716504 2632.792170
-1293.969651 2890.952959
---
526.861429 -4531.023517
-2859.530519 2639.521254
-1297.071559 2894.855383
---
527.753624 -4537.265630
-2862.334754 2646.252070
-1300.176386 2898.757194
---
528.645788 -4543.507559
-2865.129196 2652.984602
-1303.284135 2902.658399
---
529.537921 -4549.749303
-2867.913833 2659.718835
-1306.394811 2906.559001
---
530.430024 -4555.990864
-2870.688652 2666.454753
-1309.508416 2910.459006
---
531.322096 -4562.232243
-2873.453642 2673.192339
-1312.624955 2914.358420
---
532.214137 -4568.473438
-2876.208789 2679.931578
-1315.744432 2918.257246
---
533.106148 -4574.714452
-2878.954081 2686.672453
-1318.866850 2922.155490
---
533.998128 -4580.955285
-2881.689506 2693.414949
-1321.992213 2926.053158
---
534.890078 -4587.195936
-2884.415049 2700.159050
-1325.120524 2929.950253
---
535.781997 -4593.436407
-2887.130698 2706.904738
-1328.251789 2933.846782
---
536.673886 -4599.676698
-2889.836441 2713.651999
-1331.386011 2937.742750
---
537.565744 -4605.916810
-2892.532263 2720.400815
-1334.523193 2941.638161
---
538.457571 -4612.156743
-2895.218153 2727.151171
-1337.663340 2945.533020
---
539.349368 -4618.396497
-2897.894095 2733.903049
-1340.806455 2949.427334
---
540.241134 -4624.636073
-2900.560077 2740.656435
-1343.952544 2953.321106
---
541.132870 -4630.875472
-2903.216086 2747.411311
-1347.101609 2957.214343
---
542.024575 -4637.114694
-2905.862107 2754.167661
-1350.253655 2961.107049
---
542.916250 -4643.353739
-2908.498128 2760.925468
-1353.408687 2964.999229
---
543.807894 -4649.592608
-2911.124133 2767.684716
-1356.566707 2968.890889
---
544.699507 -4655.831301
-2913.740109 2774.445388
-1359.727721 2972.782034
---
545.591090 -4662.069819
-2916.346042 2781.207467
-1362.891733 2976.672670
---
546.482643 -4668.308163
-2918.941918 2787.970938
-1366.058746 2980.562800
---
547.374165 -4674.546332
-2921.527723 2794.735782
-1369.228766 2984.452432
---
548.265657 -4680.784328
-2924.103442 2801.501984
-1372.401796 2988.341569
---
549.157118 -4687.022151
-2926.669061 2808.269526
-1375.577841 2992.230217
---
550.048549 -4693.259800
-2929.224564 2815.038392
-1378.756905 2996.118382
---
550.939949 -4699.497277
-2931.769939 2821.808564
-1381.938993 3000.006069
---
551.831319 -4705.734583
-2934.305169 2828.580026
-1385.124109 3003.893284
---
552.722658 -4711.971717
-2936.830239 2835.352760
-1388.312257 3007.780030
---
553.613967 -4718.208680
-2939.345136 2842.126750
-1391.503443 3011.666315
---
554.505246 -4724.445472
-2941.849843 2848.901977
-1394.697670 3015.552143
---
555.396494 -4730.682095
-2944.344346 2855.678426
-1397.894943 3019.437520
---
556.287712 -4736.918548
-2946.828629 2862.456078
-1401.095267 3023.322450
---
557.178899 -4743.154831
-2949.302677 2869.234916
-1404.298646 3027.206941
---
558.070056 -4749.390946
-2951.766474 2876.014923
-1407.505086 3031.090996
---
558.961183 -4755.626893
-2954.220004 2882.796081
-1410.714590 3034.974622
---
559.852279 -4761.862672
-2956.663253 2889.578373
-1413.927164 3038.857824
---
560.743345 -4768.098283
-2959.096203 2896.361781
-1417.142812 3042.740607
---
561.634380 -4774.333728
-2961.518839 2903.146287
-1420.361539 3046.622978
---
562.525386 -4780.569006
-2963.931145 2909.931874
-1423.583349 3050.504941
---
563.416361 -4786.804118
-2966.333104 2916.718524
-1426.808249 3054.386502
---
564.307306 -4793.039064
-2968.724701 2923.506218
-1430.036242 3058.267667
---
565.198220 -4799.273846
-2971.105919 2930.294940
-1433.267334 3062.148441
---
566.089104 -4805.508462
-2973.476741 2937.084671
-1436.501530 3066.028830
---
566.979958 -4811.742914
-2975.837151 2943.875392
-1439.738834 3069.908839
---
567.870782 -4817.977203
-2978.187131 2950.667086
-1442.979251 3073.788475
---
568.761575 -4824.211327
-2980.526666 2957.459735
-1446.222788 3077.667743
---
569.652338 -4830.445289
-2982.855737 2964.253320
-1449.469448 3081.546649
---
570.543071 -4836.679088
-2985.174328 2971.047822
-1452.719237 3085.425198
---
571.433774 -4842.912725
-2987.482422 2977.843224
-1455.972160 3089.303396
---
572.324447 -4849.146201
-2989.780001 2984.639506
-1459.228223 3093.181249
---
573.215089 -4855.379515
-2992.067047 2991.436651
-1462.487431 3097.058762
---
574.105702 -4861.612668
-2994.343543 2998.234638
-1465.749788 3100.935942
---
574.996284 -4867.845660
-2996.609472 3005.033451
-1469.015300 3104.812795
---
575.886836 -4874.078493
-2998.864815 3011.833069
-1472.283973 3108.689326
---
576.777358 -4880.311166
-3001.109554 3018.633473
-1475.555813 3112.565541
---
577.667849 -4886.543679
-3003.343671 3025.434645
-1478.830823 3116.441446
---
578.558311 -4892.776034
-3005.567149 3032.236566
-1482.109011 3120.317047
---
579.448743 -4899.008230
-3007.779968 3039.039216
-1485.390381 3124.192350
---
580.339144 -4905.240268
-3009.982110 3045.842577
-1488.674939 3128.067361
---
581.229516 -4911.472149
-3012.173556 3052.646627
-1491.962691 3131.942086
---
582.119857 -4917.703873
-3014.354288 3059.451349
-1495.253642 3135.816532
---
583.010169 -4923.935439
-3016.524287 3066.256722
-1498.547798 3139.690703
---
583.900450 -4930.166850
-3018.683534 3073.062728
-1501.845165 3143.564607
---
584.790702 -4936.398104
-3020.832009 3079.869345
-1505.145748 3147.438248
---
585.680923 -4942.629203
-3022.969693 3086.676554
-1508.449554 3151.311635
---
586.571115 -4948.860146
-3025.096568 3093.484336
-1511.756587 3155.184772
---
587.461277 -4955.090935
-3027.212612 3100.292669
-1515.066855 3159.057667
---
588.351408 -4961.321569
-3029.317808 3107.101535
-1518.380362 3162.930324
---
589.241510 -4967.552049
-3031.412134 3113.910913
-1521.697115 3166.802751
---
590.131582 -4973.782376
-3033.495570 3120.720781
-1525.017120 3170.674954
---
591.021624 -4980.012550
-3035.568098 3127.531121
-1528.340382 3174.546938
---
591.911636 -4986.242570
-3037.629696 3134.341911
-1531.666909 3178.418712
---
592.801618 -4992.472438
-3039.680344 3141.153130
-1534.996706 3182.290280
---
593.691570 -4998.702155
-3041.720021 3147.964759
-1538.329779 3186.161650
---
594.581493 -5004.931719
-3043.748708 3154.776775
-1541.666134 3190.032827
---
595.471386 -5011.161132
-3045.766382 3161.589158
-1545.005778 3193.903819
---
596.361249 -5017.390395
-3047.773024 3168.401886
-1548.348717 3197.774632
---
597.251082 -5023.619507
-3049.768612 3175.214939
-1551.694957 3201.645272
---
598.140885 -5029.848468
-3051.753124 3182.028295
-1555.044505 3205.515746
---
599.030659 -5036.077280
-3053.726539 3188.841933
-1558.397368 3209.386060
---
599.920403 -5042.305943
-3055.688837 3195.655830
-1561.753550 3213.256222
---
600.810117 -5048.534457
-3057.639995 3202.469966
-1565.113060 3217.126239
---
601.699801 -5054.762822
-3059.579990 3209.284318
-1568.475904 3220.996115
---
602.589456 -5060.991039
-3061.508803 3216.098864
-1571.842087 3224.865860
---
603.479081 -5067.219107
-3063.426409 3222.913583
-1575.211618 3228.735479
---
604.368677 -5073.447029
-3065.332787 3229.728452
-1578.584502 3232.604979
---
605.258243 -5079.674803
-3067.227914 3236.543448
-1581.960747 3236.474367
---
606.147779 -5085.902431
-3069.111769 3243.358549
-1585.340359 3240.343651
---
607.037285 -5092.129912
-3070.984327 3250.173733
-1588.723345 3244.212836
---
607.926763 -5098.357247
-3072.845567 3256.988977
-1592.109711 3248.081931
---
608.816210 -5104.584437
-3074.695464 3263.804257
-1595.499466 3251.950941
---
609.705628 -5110.811481
-3076.533996 3270.619551
-1598.892615 3255.819875
---
610.595016 -5117.038380
-3078.361140 3277.434836
-1602.289166 3259.688739
---
611.484375 -5123.265135
-3080.176871 3284.250088
-1605.689126 3263.557541
---
612.373704 -5129.491746
-3081.981167 3291.065284
-1609.092502 3267.426288
---
613.263004 -5135.718212
-3083.774003 3297.880399
-1612.499301 3271.294986
---
614.152275 -5141.944536
-3085.555355 3304.695412
-1615.909531 3275.163644
---
615.041516 -5148.170716
-3087.325199 3311.510296
-1619.323198 3279.032269
---
615.930727 -5154.396753
-3089.083510 3318.325029
-1622.740310 3282.900868
---
616.819909 -5160.622648
-3090.830265 3325.139586
-1626.160875 3286.769448
---
617.709062 -5166.848401
-3092.565438 3331.953943
-1629.584900 3290.638018
---
618.598185 -5173.074012
-3094.289004 3338.768075
-1633.012391 3294.506584
---
619.487279 -5179.299482
-3096.000938 3345.581957
-1636.443358 3298.375154
---
620.376344 -5185.524811
-3097.701216 3352.395565
-1639.877807 3302.243736
---
621.265379 -5191.749999
-3099.389811 3359.208873
-1643.315746 3306.112338
---
622.154385 -5197.975047
-3101.066698 3366.021857
-1646.757183 3309.980966
---
623.043362 -5204.199955
-3102.731852 3372.834491
-1650.202125 3313.849630
---
623.932309 -5210.424724
-3104.385246 3379.646749
-1653.650581 3317.718337
---
624.821227 -5216.649353
-3106.026854 3386.458606
-1657.102557 3321.587095
---
625.710116 -5222.873843
-3107.656650 3393.270036
-1660.558063 3325.455911
---
626.598976 -5229.098194
-3109.274607 3400.081012
-1664.017106 3329.324794
---
627.487806 -5235.322408
-3110.880699 3406.891509
-1667.479693 3333.193751
---
628.376607 -5241.546483
-3112.474899 3413.701499
-1670.945834 3337.062792
---
629.265379 -5247.770421
-3114.057180 3420.510957
-1674.415536 3340.931923
---
630.154122 -5253.994222
-3115.627514 3427.319856
-1677.888807 3344.801154
---
631.042836 -5260.217886
-3117.185874 3434.128168
-1681.365656 3348.670492
---
631.931521 -5266.441413
-3118.732233 3440.935866
-1684.846091 3352.539947
---
632.820176 -5272.664804
-3120.266562 3447.742924
-1688.330120 3356.409525
---
633.708803 -5278.888059
-3121.788834 3454.549312
-1691.817751 3360.279236
---
634.597400 -5285.111179
-3123.299021 3461.355004
-1695.308994 3364.149088
---
635.485969 -5291.334163
-3124.797093 3468.159972
-1698.803856 3368.019090
---
636.374508 -5297.557013
-3126.283023 3474.964186
-1702.302347 3371.889250
---
637.263019 -5303.779728
-3127.756782 3481.767620
-1705.804475 3375.759578
---
638.151500 -5310.002308
-3129.218340 3488.570244
-1709.310248 3379.630081
---
639.039952 -5316.224755
-3130.667668 3495.372029
-1712.819676 3383.500769
---
639.928376 -5322.447069
-3132.104738 3502.172946
-1716.332767 3387.371650
---
640.816771 -5328.669249
-3133.529519 3508.972966
-1719.849530 3391.242734
---
641.705136 -5334.891296
-3134.941981 3515.772060
-1723.369974 3395.114030
---
642.593473 -5341.113210
-3136.342095 3522.570197
-1726.894108 3398.985546
---
643.481781 -5347.334992
-3137.729830 3529.367348
-1730.421941 3402.857292
---
644.370060 -5353.556643
-3139.105156 3536.163482
-1733.953483 3406.729277
---
645.258310 -5359.778161
-3140.468042 3542.958570
-1737.488743 3410.601510
---
646.146531 -5365.999548
-3141.818457 3549.752580
-1741.027729 3414.474000
---
647.034724 -5372.220805
-3143.156370 3556.545481
-1744.570451 3418.346758
---
647.922888 -5378.441930
-3144.481750 3563.337242
-1748.116919 3422.219793
---
648.811023 -5384.662926
-3145.794565 3570.127832
-1751.667142 3426.093113
---
649.699129 -5390.883791
-3147.094783 3576.917219
-1755.221130 3429.966730
---
650.587207 -5397.104526
-3148.382373 3583.705371
-1758.778891 3433.840652
---
651.475256 -5403.325132
-3149.657302 3590.492256
-1762.340437 3437.714889
---
652.363276 -5409.545609
-3150.919538 3597.277841
-1765.905777 3441.589452
---
653.251267 -5415.765957
-3152.169047 3604.062094
-1769.474919 3445.464350
---
654.139230 -5421.986177
-3153.405798 3610.844982
-1773.047876 3449.339594
---
655.027165 -5428.206268
-3154.629757 3617.626470
-1776.624655 3453.215193
---
655.915070 -5434.426231
-3155.840890 3624.406527
-1780.205268 3457.091158
---
656.802947 -5440.646067
-3157.039164 3631.185118
-1783.789724 3460.967498
---
657.690796 -5446.865776
-3158.224545 3637.962208
-1787.378034 3464.844226
---
658.578616 -5453.085358
-3159.396999 3644.737764
-1790.970208 3468.721350
---
659.466407 -5459.304813
-3160.556491 3651.511750
-1794.566256 3472.598881
---
660.354170 -5465.524141
-3161.702988 3658.284132
-1798.166189 3476.476831
---
661.241905 -5471.743344
-3162.836453 3665.054874
-1801.770016 3480.355210
---
662.129611 -5477.962421
-3163.956853 3671.823941
-1805.377749 3484.234028
---
663.017288 -5484.181372
-3165.064151 3678.591296
-1808.989399 3488.113297
---
663.904937 -5490.400198
-3166.158312 3685.356904
-1812.604975 3491.993028
---
664.792558 -5496.618900
-3167.239300 3692.120727
-1816.224489 3495.873232
---
665.680150 -5502.837477
-3168.307079 3698.882729
-1819.847951 3499.753920
---
666.567714 -5509.055929
-3169.361613 3705.642873
-1823.475373 3503.635103
---
667.455250 -5515.274258
-3170.402865 3712.401121
-1827.106765 3507.516793
---
668.342757 -5521.492463
-3171.430799 3719.157435
-1830.742139 3511.399001
---
669.230236 -5527.710544
-3172.445376 3725.911777
-1834.381505 3515.281739
---
670.117686 -5533.928503
-3173.446559 3732.664108
-1838.024876 3519.165019
---
671.005109 -5540.146338
-3174.434311 3739.414389
-1841.672261 3523.048853
---
671.892503 -5546.364051
-3175.408594 3746.162581
-1845.323673 3526.933251
---
672.779869 -5552.581642
-3176.369370 3752.908644
-1848.979123 3530.818228
---
673.667207 -5558.799111
-3177.316600 3759.652539
-1852.638623 3534.703794
---
674.554516 -5565.016459
-3178.250244 3766.394224
-1856.302185 3538.589962
---
675.441797 -5571.233685
-3179.170265 3773.133659
-1859.969819 3542.476745
---
676.329051 -5577.450790
-3180.076623 3779.870802
-1863.641538 3546.364154
---
677.216276 -5583.667774
-3180.969277 3786.605613
-1867.317355 3550.252203
---
678.103472 -5589.884638
-3181.848189 3793.338049
-1870.997280 3554.140904
---
678.990641 -5596.101381
-3182.713317 3800.068067
-1874.681326 3558.030271
---
679.877782 -5602.318005
-3183.564622 3806.795625
-1878.369505 3561.920315
---
680.764895 -5608.534509
-3184.402062 3813.520680
-1882.061829 3565.811050
---
681.651980 -5614.750894
-3185.225596 3820.243188
-1885.758311 3569.702490
---
682.539036 -5620.967159
-3186.035183 3826.963105
-1889.458963 3573.594648
---
683.426065 -5627.183306
-3186.830781 3833.680386
-1893.163798 3577.487537
---
684.313066 -5633.399334
-3187.612349 3840.394986
-1896.872828 3581.381171
---
685.200038 -5639.615244
-3188.379843 3847.106861
-1900.586066 3585.275564
---
686.086983 -5645.831036
-3189.133221 3853.815963
-1904.303525 3589.170729
---
686.973900 -5652.046710
-3189.872439 3860.522248
-1908.025218 3593.066681
---
687.860789 -5658.262267
-3190.597456 3867.225667
-1911.751158 3596.963433
---
688.747650 -5664.477707
-3191.308227 3873.926175
-1915.481357 3600.861001
---
689.634484 -5670.693030
-3192.004708 3880.623722
-1919.215830 3604.759398
---
690.521289 -5676.908236
-3192.686854 3887.318262
-1922.954588 3608.658640
---
691.408067 -5683.123326
-3193.354622 3894.009744
-1926.697647 3612.558740
---
692.294817 -5689.338300
-3194.007967 3900.698121
-1930.445018 3616.459714
---
693.181539 -5695.553159
-3194.646842 3907.383342
-1934.196717 3620.361577
---
694.068233 -5701.767901
-3195.271203 3914.065356
-1937.952756 3624.264344
---
694.954900 -5707.982529
-3195.881004 3920.744114
-1941.713149 3628.168030
---
695.841539 -5714.197041
-3196.476197 3927.419564
-1945.477910 3632.072651
---
696.728150 -5720.411439
-3197.056738 3934.091654
-1949.247054 3635.978223
---
697.614734 -5726.625723
-3197.622578 3940.760331
-1953.020594 3639.884762
---
698.501290 -5732.839892
-3198.173670 3947.425543
-1956.798544 3643.792283
---
699.387818 -5739.053947
-3198.709968 3954.087236
-1960.580919 3647.700803
---
700.274319 -5745.267889
-3199.231422 3960.745357
-1964.367733 3651.610337
---
701.160792 -5751.481717
-3199.737984 3967.399849
-1968.159001 3655.520904
---
702.047238 -5757.695433
-3200.229606 3974.050659
-1971.954737 3659.432519
---
702.933656 -5763.909035
-3200.706239 3980.697730
-1975.754956 3663.345199
---
703.820046 -5770.122525
-3201.167832 3987.341005
-1979.559674 3667.258961
---
704.706409 -5776.335902
-3201.614337 3993.980428
-1983.368904 3671.173823
---
705.592745 -5782.549168
-3202.045702 4000.615940
-1987.182662 3675.089802
---
706.479053 -5788.762322
-3202.461878 4007.247484
-1991.000963 3679.006915
---
707.365334 -5794.975364
-3202.862814 4013.875001
-1994.823823 3682.925182
---
708.251587 -5801.188295
-3203.248457 4020.498429
-1998.651256 3686.844618
---
709.137813 -5807.401114
-3203.618757 4027.117710
-2002.483279 3690.765244
---
710.024011 -5813.613823
-3203.973661 4033.732782
-2006.319907 3694.687077
---
710.910183 -5819.826422
-3204.313117 4040.343584
-2010.161156 3698.610136
---
711.796326 -5826.038910
-3204.637071 4046.950052
-2014.007042 3702.534440
---
712.682443 -5832.251289
-3204.945471 4053.552124
-2017.857580 3706.460007
---
713.568532 -5838.463557
-3205.238263 4060.149735
-2021.712787 3710.386858
---
714.454594 -5844.675716
-3205.515392 4066.742822
-2025.572679 3714.315012
---
715.340629 -5850.887766
-3205.776805 4073.331318
-2029.437273 3718.244488
---
716.226636 -5857.099707
-3206.022445 4079.915157
-2033.306584 3722.175306
---
717.112616 -5863.311539
-3206.252259 4086.494273
-2037.180631 3726.107488
---
717.998569 -5869.523263
-3206.466189 4093.068597
-2041.059428 3730.041052
---
718.884495 -5875.734878
-3206.664180 4099.638062
-2044.942993 3733.976020
---
719.770394 -5881.946385
-3206.846176 4106.202597
-2048.831344 3737.912414
---
720.656265 -5888.157785
-3207.012119 4112.762133
-2052.724497 3741.850253
---
721.542110 -5894.369077
-3207.161951 4119.316598
-2056.622470 3745.789559
---
722.427927 -5900.580262
-3207.295616 4125.865920
-2060.525279 3749.730355
---
723.313718 -5906.791340
-3207.413054 4132.410027
-2064.432943 3753.672662
---
724.199481 -5913.002311
-3207.514206 4138.948845
-2068.345479 3757.616502
---
725.085217 -5919.213176
-3207.599014 4145.482300
-2072.262904 3761.561898
---
725.970926 -5925.423934
-3207.667418 4152.010315
-2076.185238 3765.508873
---
726.856609 -5931.634587
-3207.719358 4158.532815
-2080.112497 3769.457449
---
727.742264 -5937.845133
-3207.754773 4165.049722
-2084.044700 3773.407650
---
728.627892 -5944.055574
-3207.773602 4171.560958
-2087.981866 3777.359500
---
729.513494 -5950.265910
-3207.775783 4178.066442
-2091.924012 3781.313022
---
730.399068 -5956.476141
-3207.761256 4184.566096
-2095.871158 3785.268242
---
731.284616 -5962.686267
-3207.729956 4191.059838
-2099.823321 3789.225182
---
732.170137 -5968.896288
-3207.681822 4197.547584
-2103.780522 3793.183869
---
733.055631 -5975.106205
-3207.616790 4204.029253
-2107.742779 3797.144327
---
733.941098 -5981.316018
-3207.534795 4210.504759
-2111.710110 3801.106581
---
734.826539 -5987.525727
-3207.435775 4216.974016
-2115.682537 3805.070659
---
735.711952 -5993.735333
-3207.319664 4223.436938
-2119.660077 3809.036585
---
736.597339 -5999.944835
-3207.186396 4229.893438
-2123.642751 3813.004386
---
737.482699 -6006.154234
-3207.035906 4236.343425
-2127.630578 3816.974089
---
738.368033 -6012.363530
-3206.868128 4242.786811
-2131.623578 3820.945722
---
739.253339 -6018.572723
-3206.682995 4249.223503
-2135.621771 3824.919311
---
740.138619 -6024.781814
-3206.480439 4255.653409
-2139.625178 3828.894884
---
741.023873 -6030.990803
-3206.260393 4262.076436
-2143.633818 3832.872471
---
741.909100 -6037.199689
-3206.022789 4268.492487
-2147.647713 3836.852098
---
742.794300 -6043.408474
-3205.767557 4274.901468
-2151.666883 3840.833797
---
743.679473 -6049.617158
-3205.494629 4281.303280
-2155.691348 3844.817595
---
744.564620 -6055.825740
-3205.203934 4287.697824
-2159.721130 3848.803523
---
745.449741 -6062.034221
-3204.895403 4294.085000
-2163.756250 3852.791611
---
746.334835 -6068.242602
-3204.568964 4300.464706
-2167.796728 3856.781889
---
747.219902 -6074.450881
-3204.224546 4306.836840
-2171.842587 3860.774389
---
748.104943 -6080.659061
-3203.862077 4313.201297
-2175.893849 3864.769141
---
748.989958 -6086.867140
-3203.481485 4319.557970
-2179.950533 3868.766179
---
749.874946 -6093.075119
-3203.082696 4325.906753
-2184.012664 3872.765534
---
750.759907 -6099.282999
-3202.665638 4332.247537
-2188.080262 3876.767238
---
751.644843 -6105.490779
-3202.230236 4338.580211
-2192.153351 3880.771326
---
752.529752 -6111.698460
-3201.776415 4344.904663
-2196.231951 3884.777831
---
753.414634 -6117.906042
-3201.304101 4351.220779
-2200.316087 3888.786787
---
754.299490 -6124.113526
-3200.813218 4357.528445
-2204.405780 3892.798229
---
755.184320 -6130.320910
-3200.303689 4363.827543
-2208.501053 3896.812192
---
756.069124 -6136.528197
-3199.775439 4370.117956
-2212.601930 3900.828712
---
756.953901 -6142.735385
-3199.228388 4376.399562
-2216.708434 3904.847824
---
757.838652 -6148.942476
-3198.662461 4382.672239
-2220.820588 3908.869566
---
758.723377 -6155.149468
-3198.077578 4388.935865
-2224.938415 3912.893975
---
759.608076 -6161.356364
-3197.473660 4395.190313
-2229.061940 3916.921088
---
760.492748 -6167.563162
-3196.850628 4401.435456
-2233.191186 3920.950944
---
761.377395 -6173.769863
-3196.208402 4407.671165
-2237.326177 3924.983582
---
762.262015 -6179.976467
-3195.546901 4413.897308
-2241.466937 3929.019041
---
763.146609 -6186.182975
-3194.866045 4420.113752
-2245.613491 3933.057362
---
764.031177 -6192.389387
-3194.165750 4426.320362
-2249.765863 3937.098585
---
764.915719 -6198.595702
-3193.445936 4432.517000
-2253.924079 3941.142751
---
765.800234 -6204.801922
-3192.706519 4438.703529
-2258.088162 3945.189902
---
766.684724 -6211.008046
-3191.947415 4444.879805
-2262.258138 3949.240081
---
767.569188 -6217.214074
-3191.168542 4451.045685
-2266.434031 3953.293331
---
768.453626 -6223.420007
-3190.369813 4457.201025
-2270.615869 3957.349696
---
769.338037 -6229.625845
-3189.551145 4463.345675
-2274.803675 3961.409220
---
770.222423 -6235.831589
-3188.712452 4469.479485
-2278.997476 3965.471949
---
771.106783 -6242.037237
-3187.853647 4475.602302
-2283.197297 3969.537928
---
771.991117 -6248.242792
-3186.974644 4481.713973
-2287.403165 3973.607204
---
772.875425 -6254.448252
-3186.075355 4487.814338
-2291.615106 3977.679825
---
773.759707 -6260.653618
-3185.155693 4493.903238
-2295.833146 3981.755838
---
774.643964 -6266.858891
-3184.215570 4499.980511
-2300.057311 3985.835292
---
775.528194 -6273.064070
-3183.254896 4506.045992
-2304.287628 3989.918237
---
776.412399 -6279.269155
-3182.273582 4512.099512
-2308.524125 3994.004724
---
777.296578 -6285.474148
-3181.271538 4518.140902
-2312.766827 3998.094803
---
778.180731 -6291.679047
-3180.248674 4524.169988
-2317.015763 4002.188527
---
779.064858 -6297.883855
-3179.204898 4530.186594
-2321.270960 4006.285949
---
779.948960 -6304.088569
-3178.140120 4536.190541
-2325.532444 4010.387122
---
780.833036 -6310.293191
-3177.054247 4542.181648
-2329.800244 4014.492101
---
781.717086 -6316.497722
-3175.947186 4548.159729
-2334.074387 4018.600942
---
782.601111 -6322.702160
-3174.818845 4554.124598
-2338.354902 4022.713701
---
783.485110 -6328.906507
-3173.669131 4560.076062
-2342.641816 4026.830435
---
784.369083 -6335.110762
-3172.497948 4566.013928
-2346.935157 4030.951203
---
785.253031 -6341.314926
-3171.305204 4571.937999
-2351.234955 4035.076063
---
786.136953 -6347.518999
-3170.090802 4577.848073
-2355.541236 4039.205078
---
787.020850 -6353.722982
-3168.854648 4583.743948
-2359.854031 4043.338307
---
787.904721 -6359.926874
-3167.596646 4589.625414
-2364.173367 4047.475813
---
788.788567 -6366.130675
-3166.316699 4595.492261
-2368.499274 4051.617659
---
789.672387 -6372.334386
-3165.014712 4601.344274
-2372.831780 4055.763911
---
790.556182 -6378.538007
-3163.690587 4607.181235
-2377.170915 4059.914633
---
791.439951 -6384.741539
-3162.344227 4613.002922
-2381.516707 4064.069893
---
792.323695 -6390.944981
-3160.975534 4618.809108
-2385.869187 4068.229758
---
793.207413 -6397.148333
-3159.584410 4624.599564
-2390.228383 4072.394297
---
794.091106 -6403.351597
-3158.170758 4630.374055
-2394.594326 4076.563582
---
794.974774 -6409.554771
-3156.734477 4636.132343
-2398.967044 4080.737683
---
795.858416 -6415.757857
-3155.275470 4641.874186
-2403.346567 4084.916673
---
796.742033 -6421.960854
-3153.793637 4647.599337
-2407.732925 4089.100626
---
797.625625 -6428.163763
-3152.288879 4653.307545
-2412.126149 4093.289618
---
798.509191 -6434.366583
-3150.761096 4658.998554
-2416.526267 4097.483725
---
799.392732 -6440.569316
-3149.210189 4664.672104
-2420.933310 4101.683027
---
800.276248 -6446.771961
-3147.636057 4670.327930
-2425.347307 4105.887601
---
801.159739 -6452.974518
-3146.038601 4675.965762
-2429.768289 4110.097531
---
802.043205 -6459.176988
-3144.417720 4681.585326
-2434.196286 4114.312896
---
802.926645 -6465.379371
-3142.773315 4687.186341
-2438.631328 4118.533783
---
